0 verbose cli C:\Users\17870\nodejs\node.exe C:\Users\17870\nodejs\node_modules\npm\bin\npm-cli.js
1 info using npm@10.9.2
2 info using node@v22.14.0
3 silly config load:file:C:\Users\17870\nodejs\node_modules\npm\npmrc
4 silly config load:file:C:\Users\17870\Desktop\travelLogue\server\.npmrc
5 silly config load:file:C:\Users\17870\.npmrc
6 silly config load:file:C:\Users\17870\Desktop\travelLogue\server\node_global\etc\npmrc
7 verbose title npm start
8 verbose argv "start"
9 verbose logfile logs-max:10 dir:C:\Users\17870\Desktop\travelLogue\server\node_cache\_logs\2025-05-15T02_43_52_871Z-
10 verbose logfile C:\Users\17870\Desktop\travelLogue\server\node_cache\_logs\2025-05-15T02_43_52_871Z-debug-0.log
11 silly logfile start cleaning logs, removing 1 files
12 silly logfile done cleaning log files
13 http fetch GET 200 https://registry.npmmirror.com/npm 285ms
14 verbose cwd C:\Users\17870\Desktop\travelLogue\server
15 verbose os Windows_NT 10.0.26100
16 verbose node v22.14.0
17 verbose npm  v10.9.2
18 notice
18 notice New [31mmajor[39m version of npm available! [31m10.9.2[39m -> [34m11.3.0[39m
18 notice Changelog: [34mhttps://github.com/npm/cli/releases/tag/v11.3.0[39m
18 notice To update run: [4mnpm install -g npm@11.3.0[24m
18 notice  { force: true, [Symbol(proc-log.meta)]: true }
19 verbose exit 1
20 verbose code 1
