0 verbose cli C:\Users\17870\nodejs\node.exe C:\Users\17870\nodejs\node_modules\npm\bin\npm-cli.js
1 info using npm@10.9.2
2 info using node@v22.14.0
3 silly config load:file:C:\Users\17870\nodejs\node_modules\npm\npmrc
4 silly config load:file:C:\Users\17870\Desktop\travelLogue\server\.npmrc
5 silly config load:file:C:\Users\17870\.npmrc
6 silly config load:file:C:\Users\17870\Desktop\travelLogue\server\node_global\etc\npmrc
7 verbose title npm install
8 verbose argv "install"
9 verbose logfile logs-max:10 dir:C:\Users\17870\Desktop\travelLogue\server\node_cache\_logs\2025-05-06T09_01_04_274Z-
10 verbose logfile C:\Users\17870\Desktop\travelLogue\server\node_cache\_logs\2025-05-06T09_01_04_274Z-debug-0.log
11 silly logfile done cleaning log files
12 silly packumentCache heap:4345298944 maxSize:1086324736 maxEntrySize:543162368
13 silly idealTree buildDeps
14 silly reify moves {}
15 silly audit bulk request {
15 silly audit   accepts: [ '1.3.8' ],
15 silly audit   'array-flatten': [ '1.1.1' ],
15 silly audit   'body-parser': [ '1.20.3' ],
15 silly audit   bytes: [ '3.1.2' ],
15 silly audit   'call-bind-apply-helpers': [ '1.0.2' ],
15 silly audit   'call-bound': [ '1.0.4' ],
15 silly audit   'content-disposition': [ '0.5.4' ],
15 silly audit   'content-type': [ '1.0.5' ],
15 silly audit   cookie: [ '0.7.1' ],
15 silly audit   'cookie-signature': [ '1.0.6' ],
15 silly audit   cors: [ '2.8.5' ],
15 silly audit   debug: [ '2.6.9' ],
15 silly audit   depd: [ '2.0.0' ],
15 silly audit   destroy: [ '1.2.0' ],
15 silly audit   'dunder-proto': [ '1.0.1' ],
15 silly audit   'ee-first': [ '1.1.1' ],
15 silly audit   encodeurl: [ '2.0.0', '1.0.2' ],
15 silly audit   'es-define-property': [ '1.0.1' ],
15 silly audit   'es-errors': [ '1.3.0' ],
15 silly audit   'es-object-atoms': [ '1.1.1' ],
15 silly audit   'escape-html': [ '1.0.3' ],
15 silly audit   etag: [ '1.8.1' ],
15 silly audit   express: [ '4.21.2' ],
15 silly audit   finalhandler: [ '1.3.1' ],
15 silly audit   forwarded: [ '0.2.0' ],
15 silly audit   fresh: [ '0.5.2' ],
15 silly audit   'function-bind': [ '1.1.2' ],
15 silly audit   'get-intrinsic': [ '1.3.0' ],
15 silly audit   'get-proto': [ '1.0.1' ],
15 silly audit   gopd: [ '1.2.0' ],
15 silly audit   'has-symbols': [ '1.1.0' ],
15 silly audit   hasown: [ '2.0.2' ],
15 silly audit   'http-errors': [ '2.0.0' ],
15 silly audit   'iconv-lite': [ '0.4.24' ],
15 silly audit   inherits: [ '2.0.4' ],
15 silly audit   'ipaddr.js': [ '1.9.1' ],
15 silly audit   'math-intrinsics': [ '1.1.0' ],
15 silly audit   'media-typer': [ '0.3.0' ],
15 silly audit   'merge-descriptors': [ '1.0.3' ],
15 silly audit   methods: [ '1.1.2' ],
15 silly audit   mime: [ '1.6.0' ],
15 silly audit   'mime-db': [ '1.52.0' ],
15 silly audit   'mime-types': [ '2.1.35' ],
15 silly audit   ms: [ '2.0.0', '2.1.3' ],
15 silly audit   negotiator: [ '0.6.3' ],
15 silly audit   'object-assign': [ '4.1.1' ],
15 silly audit   'object-inspect': [ '1.13.4' ],
15 silly audit   'on-finished': [ '2.4.1' ],
15 silly audit   parseurl: [ '1.3.3' ],
15 silly audit   'path-to-regexp': [ '0.1.12' ],
15 silly audit   'proxy-addr': [ '2.0.7' ],
15 silly audit   qs: [ '6.13.0' ],
15 silly audit   'range-parser': [ '1.2.1' ],
15 silly audit   'raw-body': [ '2.5.2' ],
15 silly audit   'safe-buffer': [ '5.2.1' ],
15 silly audit   'safer-buffer': [ '2.1.2' ],
15 silly audit   send: [ '0.19.0' ],
15 silly audit   'serve-static': [ '1.16.2' ],
15 silly audit   setprototypeof: [ '1.2.0' ],
15 silly audit   'side-channel': [ '1.1.0' ],
15 silly audit   'side-channel-list': [ '1.0.0' ],
15 silly audit   'side-channel-map': [ '1.0.1' ],
15 silly audit   'side-channel-weakmap': [ '1.0.2' ],
15 silly audit   statuses: [ '2.0.1' ],
15 silly audit   toidentifier: [ '1.0.1' ],
15 silly audit   'type-is': [ '1.6.18' ],
15 silly audit   unpipe: [ '1.0.0' ],
15 silly audit   'utils-merge': [ '1.0.1' ],
15 silly audit   vary: [ '1.1.2' ]
15 silly audit }
16 http fetch POST 404 https://registry.npmmirror.com/-/npm/v1/security/advisories/bulk 164ms
17 silly audit bulk request failed [object Object]
18 http fetch POST 404 https://registry.npmmirror.com/-/npm/v1/security/audits/quick 36ms
19 verbose audit error HttpErrorGeneral: 404 Not Found - POST https://registry.npmmirror.com/-/npm/v1/security/audits/quick - [NOT_IMPLEMENTED] /-/npm/v1/security/* not implemented yet
19 verbose audit error     at C:\Users\17870\nodejs\node_modules\npm\node_modules\npm-registry-fetch\lib\check-response.js:103:15
19 verbose audit error     at process.processTicksAndRejections (node:internal/process/task_queues:105:5)
19 verbose audit error     at async [getReport] (C:\Users\17870\nodejs\node_modules\npm\node_modules\@npmcli\arborist\lib\audit-report.js:336:21)
19 verbose audit error     at async AuditReport.run (C:\Users\17870\nodejs\node_modules\npm\node_modules\@npmcli\arborist\lib\audit-report.js:106:19)
19 verbose audit error     at async Arborist.reify (C:\Users\17870\nodejs\node_modules\npm\node_modules\@npmcli\arborist\lib\arborist\reify.js:268:24)
19 verbose audit error     at async Install.exec (C:\Users\17870\nodejs\node_modules\npm\lib\commands\install.js:150:5)
19 verbose audit error     at async Npm.exec (C:\Users\17870\nodejs\node_modules\npm\lib\npm.js:207:9)
19 verbose audit error     at async module.exports (C:\Users\17870\nodejs\node_modules\npm\lib\cli\entry.js:74:5) {
19 verbose audit error   headers: [Object: null prototype] {
19 verbose audit error     server: [ 'Tengine' ],
19 verbose audit error     date: [ 'Tue, 06 May 2025 09:01:05 GMT' ],
19 verbose audit error     'content-type': [ 'application/json' ],
19 verbose audit error     'transfer-encoding': [ 'chunked' ],
19 verbose audit error     connection: [ 'keep-alive' ],
19 verbose audit error     'strict-transport-security': [ 'max-age=5184000' ],
19 verbose audit error     via: [ 'kunlun1.cn5220[,404666]' ],
19 verbose audit error     'timing-allow-origin': [ '*' ],
19 verbose audit error     eagleid: [ '77bcac9517465220658603753e' ],
19 verbose audit error     'x-fetch-attempts': [ '1' ]
19 verbose audit error   },
19 verbose audit error   statusCode: 404,
19 verbose audit error   code: 'E404',
19 verbose audit error   method: 'POST',
19 verbose audit error   uri: 'https://registry.npmmirror.com/-/npm/v1/security/audits/quick',
19 verbose audit error   body: {
19 verbose audit error     error: '[NOT_IMPLEMENTED] /-/npm/v1/security/* not implemented yet'
19 verbose audit error   },
19 verbose audit error   pkgid: undefined
19 verbose audit error }
20 silly audit error [object Object]
21 silly audit report null
22 verbose cwd C:\Users\17870\Desktop\travelLogue\server
23 verbose os Windows_NT 10.0.26100
24 verbose node v22.14.0
25 verbose npm  v10.9.2
26 verbose exit 0
27 info ok
