0 verbose cli C:\Users\17870\nodejs\node.exe C:\Users\17870\nodejs\node_modules\npm\bin\npm-cli.js
1 info using npm@10.9.2
2 info using node@v22.14.0
3 silly config load:file:C:\Users\17870\nodejs\node_modules\npm\npmrc
4 silly config load:file:C:\Users\17870\Desktop\travelLogue\server\.npmrc
5 silly config load:file:C:\Users\17870\.npmrc
6 silly config load:file:C:\Users\17870\Desktop\travelLogue\server\node_global\etc\npmrc
7 verbose title npm install
8 verbose argv "install"
9 verbose logfile logs-max:10 dir:C:\Users\17870\Desktop\travelLogue\server\node_cache\_logs\2025-05-06T08_59_32_875Z-
10 verbose logfile C:\Users\17870\Desktop\travelLogue\server\node_cache\_logs\2025-05-06T08_59_32_875Z-debug-0.log
11 silly logfile done cleaning log files
12 silly packumentCache heap:4345298944 maxSize:1086324736 maxEntrySize:543162368
13 silly idealTree buildDeps
14 silly fetch manifest express@^4.18.2
15 silly packumentCache full:https://registry.npmmirror.com/express cache-miss
16 http fetch GET 200 https://registry.npmmirror.com/express 190ms (cache miss)
17 silly packumentCache full:https://registry.npmmirror.com/express set size:91116 disposed:false
18 silly fetch manifest cors@^2.8.5
19 silly packumentCache full:https://registry.npmmirror.com/cors cache-miss
20 http fetch GET 200 https://registry.npmmirror.com/npm 247ms
21 http fetch GET 200 https://registry.npmmirror.com/cors 39ms (cache miss)
22 silly packumentCache full:https://registry.npmmirror.com/cors set size:12550 disposed:false
23 silly placeDep ROOT cors@2.8.5 OK for: travelogue-server@1.0.0 want: ^2.8.5
24 silly placeDep ROOT express@4.21.2 OK for: travelogue-server@1.0.0 want: ^4.18.2
25 silly fetch manifest object-assign@^4
26 silly packumentCache full:https://registry.npmmirror.com/object-assign cache-miss
27 silly fetch manifest vary@^1
28 silly packumentCache full:https://registry.npmmirror.com/vary cache-miss
29 silly fetch manifest accepts@~1.3.8
30 silly packumentCache full:https://registry.npmmirror.com/accepts cache-miss
31 silly fetch manifest array-flatten@1.1.1
32 silly packumentCache full:https://registry.npmmirror.com/array-flatten cache-miss
33 silly fetch manifest body-parser@1.20.3
34 silly packumentCache full:https://registry.npmmirror.com/body-parser cache-miss
35 silly fetch manifest content-disposition@0.5.4
36 silly packumentCache full:https://registry.npmmirror.com/content-disposition cache-miss
37 silly fetch manifest content-type@~1.0.4
38 silly packumentCache full:https://registry.npmmirror.com/content-type cache-miss
39 silly fetch manifest cookie@0.7.1
40 silly packumentCache full:https://registry.npmmirror.com/cookie cache-miss
41 silly fetch manifest cookie-signature@1.0.6
42 silly packumentCache full:https://registry.npmmirror.com/cookie-signature cache-miss
43 silly fetch manifest debug@2.6.9
44 silly packumentCache full:https://registry.npmmirror.com/debug cache-miss
45 silly fetch manifest depd@2.0.0
46 silly packumentCache full:https://registry.npmmirror.com/depd cache-miss
47 silly fetch manifest encodeurl@~2.0.0
48 silly packumentCache full:https://registry.npmmirror.com/encodeurl cache-miss
49 silly fetch manifest escape-html@~1.0.3
50 silly packumentCache full:https://registry.npmmirror.com/escape-html cache-miss
51 silly fetch manifest etag@~1.8.1
52 silly packumentCache full:https://registry.npmmirror.com/etag cache-miss
53 silly fetch manifest finalhandler@1.3.1
54 silly packumentCache full:https://registry.npmmirror.com/finalhandler cache-miss
55 silly fetch manifest fresh@0.5.2
56 silly packumentCache full:https://registry.npmmirror.com/fresh cache-miss
57 silly fetch manifest http-errors@2.0.0
58 silly packumentCache full:https://registry.npmmirror.com/http-errors cache-miss
59 silly fetch manifest merge-descriptors@1.0.3
60 silly packumentCache full:https://registry.npmmirror.com/merge-descriptors cache-miss
61 silly fetch manifest methods@~1.1.2
62 silly packumentCache full:https://registry.npmmirror.com/methods cache-miss
63 silly fetch manifest on-finished@2.4.1
64 silly packumentCache full:https://registry.npmmirror.com/on-finished cache-miss
65 silly fetch manifest parseurl@~1.3.3
66 silly packumentCache full:https://registry.npmmirror.com/parseurl cache-miss
67 silly fetch manifest path-to-regexp@0.1.12
68 silly packumentCache full:https://registry.npmmirror.com/path-to-regexp cache-miss
69 silly fetch manifest proxy-addr@~2.0.7
70 silly packumentCache full:https://registry.npmmirror.com/proxy-addr cache-miss
71 http fetch GET 200 https://registry.npmmirror.com/object-assign 40ms (cache miss)
72 silly packumentCache full:https://registry.npmmirror.com/object-assign set size:5509 disposed:false
73 silly fetch manifest qs@6.13.0
74 silly packumentCache full:https://registry.npmmirror.com/qs cache-miss
75 http fetch GET 200 https://registry.npmmirror.com/fresh 71ms (cache miss)
76 silly packumentCache full:https://registry.npmmirror.com/fresh set size:7115 disposed:false
77 silly fetch manifest range-parser@~1.2.1
78 silly packumentCache full:https://registry.npmmirror.com/range-parser cache-miss
79 http fetch GET 200 https://registry.npmmirror.com/vary 98ms (cache miss)
80 silly packumentCache full:https://registry.npmmirror.com/vary set size:4163 disposed:false
81 silly fetch manifest safe-buffer@5.2.1
82 silly packumentCache full:https://registry.npmmirror.com/safe-buffer cache-miss
83 http fetch GET 200 https://registry.npmmirror.com/http-errors 99ms (cache miss)
84 silly packumentCache full:https://registry.npmmirror.com/http-errors set size:13258 disposed:false
85 silly fetch manifest send@0.19.0
86 silly packumentCache full:https://registry.npmmirror.com/send cache-miss
87 http fetch GET 200 https://registry.npmmirror.com/array-flatten 103ms (cache miss)
88 silly packumentCache full:https://registry.npmmirror.com/array-flatten set size:5207 disposed:false
89 silly fetch manifest serve-static@1.16.2
90 silly packumentCache full:https://registry.npmmirror.com/serve-static cache-miss
91 http fetch GET 200 https://registry.npmmirror.com/cookie-signature 104ms (cache miss)
92 silly packumentCache full:https://registry.npmmirror.com/cookie-signature set size:6334 disposed:false
93 silly fetch manifest setprototypeof@1.2.0
94 silly packumentCache full:https://registry.npmmirror.com/setprototypeof cache-miss
95 http fetch GET 200 https://registry.npmmirror.com/depd 106ms (cache miss)
96 silly packumentCache full:https://registry.npmmirror.com/depd set size:8763 disposed:false
97 silly fetch manifest statuses@2.0.1
98 silly packumentCache full:https://registry.npmmirror.com/statuses cache-miss
99 http fetch GET 200 https://registry.npmmirror.com/etag 115ms (cache miss)
100 silly packumentCache full:https://registry.npmmirror.com/etag set size:6163 disposed:false
101 silly fetch manifest type-is@~1.6.18
102 silly packumentCache full:https://registry.npmmirror.com/type-is cache-miss
103 http fetch GET 200 https://registry.npmmirror.com/encodeurl 117ms (cache miss)
104 silly packumentCache full:https://registry.npmmirror.com/encodeurl set size:3849 disposed:false
105 silly fetch manifest utils-merge@1.0.1
106 silly packumentCache full:https://registry.npmmirror.com/utils-merge cache-miss
107 http fetch GET 200 https://registry.npmmirror.com/cookie 132ms (cache miss)
108 silly packumentCache full:https://registry.npmmirror.com/cookie set size:16121 disposed:false
109 silly fetch manifest vary@~1.1.2
110 silly packumentCache full:https://registry.npmmirror.com/vary cache-hit
111 http fetch GET 200 https://registry.npmmirror.com/content-type 134ms (cache miss)
112 silly packumentCache full:https://registry.npmmirror.com/content-type set size:5103 disposed:false
113 http fetch GET 200 https://registry.npmmirror.com/content-disposition 135ms (cache miss)
114 silly packumentCache full:https://registry.npmmirror.com/content-disposition set size:7732 disposed:false
115 http fetch GET 200 https://registry.npmmirror.com/merge-descriptors 134ms (cache miss)
116 silly packumentCache full:https://registry.npmmirror.com/merge-descriptors set size:3995 disposed:false
117 http fetch GET 200 https://registry.npmmirror.com/methods 134ms (cache miss)
118 silly packumentCache full:https://registry.npmmirror.com/methods set size:3321 disposed:false
119 http fetch GET 200 https://registry.npmmirror.com/accepts 137ms (cache miss)
120 silly packumentCache full:https://registry.npmmirror.com/accepts set size:14322 disposed:false
121 http fetch GET 200 https://registry.npmmirror.com/finalhandler 136ms (cache miss)
122 silly packumentCache full:https://registry.npmmirror.com/finalhandler set size:14086 disposed:false
123 http fetch GET 200 https://registry.npmmirror.com/escape-html 138ms (cache miss)
124 silly packumentCache full:https://registry.npmmirror.com/escape-html set size:2142 disposed:false
125 http fetch GET 200 https://registry.npmmirror.com/parseurl 142ms (cache miss)
126 silly packumentCache full:https://registry.npmmirror.com/parseurl set size:5258 disposed:false
127 http fetch GET 200 https://registry.npmmirror.com/body-parser 149ms (cache miss)
128 silly packumentCache full:https://registry.npmmirror.com/body-parser set size:35435 disposed:false
129 http fetch GET 200 https://registry.npmmirror.com/debug 149ms (cache miss)
130 silly packumentCache full:https://registry.npmmirror.com/debug set size:31219 disposed:false
131 http fetch GET 200 https://registry.npmmirror.com/on-finished 153ms (cache miss)
132 silly packumentCache full:https://registry.npmmirror.com/on-finished set size:6563 disposed:false
133 http fetch GET 200 https://registry.npmmirror.com/proxy-addr 153ms (cache miss)
134 silly packumentCache full:https://registry.npmmirror.com/proxy-addr set size:10520 disposed:false
135 http fetch GET 200 https://registry.npmmirror.com/range-parser 91ms (cache miss)
136 silly packumentCache full:https://registry.npmmirror.com/range-parser set size:5186 disposed:false
137 http fetch GET 200 https://registry.npmmirror.com/safe-buffer 67ms (cache miss)
138 silly packumentCache full:https://registry.npmmirror.com/safe-buffer set size:11685 disposed:false
139 http fetch GET 200 https://registry.npmmirror.com/utils-merge 47ms (cache miss)
140 silly packumentCache full:https://registry.npmmirror.com/utils-merge set size:1862 disposed:false
141 http fetch GET 200 https://registry.npmmirror.com/setprototypeof 63ms (cache miss)
142 silly packumentCache full:https://registry.npmmirror.com/setprototypeof set size:3278 disposed:false
143 http fetch GET 200 https://registry.npmmirror.com/path-to-regexp 169ms (cache miss)
144 silly packumentCache full:https://registry.npmmirror.com/path-to-regexp set size:27331 disposed:false
145 http fetch GET 200 https://registry.npmmirror.com/statuses 65ms (cache miss)
146 silly packumentCache full:https://registry.npmmirror.com/statuses set size:6891 disposed:false
147 http fetch GET 200 https://registry.npmmirror.com/type-is 104ms (cache miss)
148 silly packumentCache full:https://registry.npmmirror.com/type-is set size:14881 disposed:false
149 http fetch GET 200 https://registry.npmmirror.com/send 122ms (cache miss)
150 silly packumentCache full:https://registry.npmmirror.com/send set size:27387 disposed:false
151 http fetch GET 200 https://registry.npmmirror.com/qs 185ms (cache miss)
152 silly packumentCache full:https://registry.npmmirror.com/qs set size:53223 disposed:false
153 http fetch GET 200 https://registry.npmmirror.com/serve-static 123ms (cache miss)
154 silly packumentCache full:https://registry.npmmirror.com/serve-static set size:25220 disposed:false
155 silly placeDep ROOT object-assign@4.1.1 OK for: cors@2.8.5 want: ^4
156 silly placeDep ROOT vary@1.1.2 OK for: cors@2.8.5 want: ^1
157 silly placeDep ROOT accepts@1.3.8 OK for: express@4.21.2 want: ~1.3.8
158 silly placeDep ROOT array-flatten@1.1.1 OK for: express@4.21.2 want: 1.1.1
159 silly placeDep ROOT body-parser@1.20.3 OK for: express@4.21.2 want: 1.20.3
160 silly placeDep ROOT content-disposition@0.5.4 OK for: express@4.21.2 want: 0.5.4
161 silly placeDep ROOT content-type@1.0.5 OK for: express@4.21.2 want: ~1.0.4
162 silly placeDep ROOT cookie@0.7.1 OK for: express@4.21.2 want: 0.7.1
163 silly placeDep ROOT cookie-signature@1.0.6 OK for: express@4.21.2 want: 1.0.6
164 silly placeDep ROOT debug@2.6.9 OK for: express@4.21.2 want: 2.6.9
165 silly placeDep ROOT depd@2.0.0 OK for: express@4.21.2 want: 2.0.0
166 silly placeDep ROOT encodeurl@2.0.0 OK for: express@4.21.2 want: ~2.0.0
167 silly placeDep ROOT escape-html@1.0.3 OK for: express@4.21.2 want: ~1.0.3
168 silly placeDep ROOT etag@1.8.1 OK for: express@4.21.2 want: ~1.8.1
169 silly placeDep ROOT finalhandler@1.3.1 OK for: express@4.21.2 want: 1.3.1
170 silly placeDep ROOT fresh@0.5.2 OK for: express@4.21.2 want: 0.5.2
171 silly placeDep ROOT http-errors@2.0.0 OK for: express@4.21.2 want: 2.0.0
172 silly placeDep ROOT merge-descriptors@1.0.3 OK for: express@4.21.2 want: 1.0.3
173 silly placeDep ROOT methods@1.1.2 OK for: express@4.21.2 want: ~1.1.2
174 silly placeDep ROOT on-finished@2.4.1 OK for: express@4.21.2 want: 2.4.1
175 silly placeDep ROOT parseurl@1.3.3 OK for: express@4.21.2 want: ~1.3.3
176 silly placeDep ROOT path-to-regexp@0.1.12 OK for: express@4.21.2 want: 0.1.12
177 silly placeDep ROOT proxy-addr@2.0.7 OK for: express@4.21.2 want: ~2.0.7
178 silly placeDep ROOT qs@6.13.0 OK for: express@4.21.2 want: 6.13.0
179 silly placeDep ROOT range-parser@1.2.1 OK for: express@4.21.2 want: ~1.2.1
180 silly placeDep ROOT safe-buffer@5.2.1 OK for: express@4.21.2 want: 5.2.1
181 silly placeDep ROOT send@0.19.0 OK for: express@4.21.2 want: 0.19.0
182 silly placeDep ROOT serve-static@1.16.2 OK for: express@4.21.2 want: 1.16.2
183 silly placeDep ROOT setprototypeof@1.2.0 OK for: express@4.21.2 want: 1.2.0
184 silly placeDep ROOT statuses@2.0.1 OK for: express@4.21.2 want: 2.0.1
185 silly placeDep ROOT type-is@1.6.18 OK for: express@4.21.2 want: ~1.6.18
186 silly placeDep ROOT utils-merge@1.0.1 OK for: express@4.21.2 want: 1.0.1
187 silly fetch manifest mime-types@~2.1.34
188 silly packumentCache full:https://registry.npmmirror.com/mime-types cache-miss
189 silly fetch manifest negotiator@0.6.3
190 silly packumentCache full:https://registry.npmmirror.com/negotiator cache-miss
191 silly fetch manifest bytes@3.1.2
192 silly packumentCache full:https://registry.npmmirror.com/bytes cache-miss
193 silly fetch manifest content-type@~1.0.5
194 silly packumentCache full:https://registry.npmmirror.com/content-type cache-hit
195 silly fetch manifest destroy@1.2.0
196 silly packumentCache full:https://registry.npmmirror.com/destroy cache-miss
197 silly fetch manifest iconv-lite@0.4.24
198 silly packumentCache full:https://registry.npmmirror.com/iconv-lite cache-miss
199 silly fetch manifest raw-body@2.5.2
200 silly packumentCache full:https://registry.npmmirror.com/raw-body cache-miss
201 silly fetch manifest unpipe@1.0.0
202 silly packumentCache full:https://registry.npmmirror.com/unpipe cache-miss
203 silly fetch manifest ms@2.0.0
204 silly packumentCache full:https://registry.npmmirror.com/ms cache-miss
205 silly fetch manifest unpipe@~1.0.0
206 silly packumentCache full:https://registry.npmmirror.com/unpipe cache-miss
207 silly fetch manifest inherits@2.0.4
208 silly packumentCache full:https://registry.npmmirror.com/inherits cache-miss
209 silly fetch manifest toidentifier@1.0.1
210 silly packumentCache full:https://registry.npmmirror.com/toidentifier cache-miss
211 silly fetch manifest ee-first@1.1.1
212 silly packumentCache full:https://registry.npmmirror.com/ee-first cache-miss
213 silly fetch manifest forwarded@0.2.0
214 silly packumentCache full:https://registry.npmmirror.com/forwarded cache-miss
215 silly fetch manifest ipaddr.js@1.9.1
216 silly packumentCache full:https://registry.npmmirror.com/ipaddr.js cache-miss
217 silly fetch manifest side-channel@^1.0.6
218 silly packumentCache full:https://registry.npmmirror.com/side-channel cache-miss
219 silly fetch manifest ms@2.1.3
220 silly packumentCache full:https://registry.npmmirror.com/ms cache-miss
221 silly fetch manifest mime@1.6.0
222 silly packumentCache full:https://registry.npmmirror.com/mime cache-miss
223 silly fetch manifest destroy@1.2.0
224 silly packumentCache full:https://registry.npmmirror.com/destroy cache-miss
225 silly fetch manifest encodeurl@~1.0.2
226 silly packumentCache full:https://registry.npmmirror.com/encodeurl cache-hit
227 silly fetch manifest media-typer@0.3.0
228 silly packumentCache full:https://registry.npmmirror.com/media-typer cache-miss
229 silly fetch manifest mime-types@~2.1.24
230 silly packumentCache full:https://registry.npmmirror.com/mime-types cache-miss
231 http fetch GET 200 https://registry.npmmirror.com/unpipe 42ms (cache miss)
232 silly packumentCache full:https://registry.npmmirror.com/unpipe set size:1492 disposed:false
233 http fetch GET 200 https://registry.npmmirror.com/unpipe 41ms (cache miss)
234 silly packumentCache full:https://registry.npmmirror.com/unpipe set size:1492 disposed:false
235 silly packumentCache full:https://registry.npmmirror.com/unpipe dispose
236 http fetch GET 200 https://registry.npmmirror.com/inherits 42ms (cache miss)
237 silly packumentCache full:https://registry.npmmirror.com/inherits set size:3419 disposed:false
238 http fetch GET 200 https://registry.npmmirror.com/negotiator 45ms (cache miss)
239 silly packumentCache full:https://registry.npmmirror.com/negotiator set size:10806 disposed:false
240 http fetch GET 200 https://registry.npmmirror.com/ee-first 49ms (cache miss)
241 silly packumentCache full:https://registry.npmmirror.com/ee-first set size:3574 disposed:false
242 http fetch GET 200 https://registry.npmmirror.com/bytes 66ms (cache miss)
243 silly packumentCache full:https://registry.npmmirror.com/bytes set size:9015 disposed:false
244 http fetch GET 200 https://registry.npmmirror.com/mime-types 67ms (cache miss)
245 silly packumentCache full:https://registry.npmmirror.com/mime-types set size:20913 disposed:false
246 http fetch GET 200 https://registry.npmmirror.com/toidentifier 65ms (cache miss)
247 silly packumentCache full:https://registry.npmmirror.com/toidentifier set size:3571 disposed:false
248 http fetch GET 200 https://registry.npmmirror.com/forwarded 64ms (cache miss)
249 silly packumentCache full:https://registry.npmmirror.com/forwarded set size:2930 disposed:false
250 http fetch GET 200 https://registry.npmmirror.com/side-channel 64ms (cache miss)
251 silly packumentCache full:https://registry.npmmirror.com/side-channel set size:5006 disposed:false
252 http fetch GET 200 https://registry.npmmirror.com/ipaddr.js 65ms (cache miss)
253 silly packumentCache full:https://registry.npmmirror.com/ipaddr.js set size:13916 disposed:false
254 http fetch GET 200 https://registry.npmmirror.com/destroy 70ms (cache miss)
255 silly packumentCache full:https://registry.npmmirror.com/destroy set size:5387 disposed:false
256 http fetch GET 200 https://registry.npmmirror.com/raw-body 71ms (cache miss)
257 silly packumentCache full:https://registry.npmmirror.com/raw-body set size:22099 disposed:false
258 http fetch GET 200 https://registry.npmmirror.com/iconv-lite 76ms (cache miss)
259 silly packumentCache full:https://registry.npmmirror.com/iconv-lite set size:17004 disposed:false
260 http fetch GET 200 https://registry.npmmirror.com/media-typer 78ms (cache miss)
261 silly packumentCache full:https://registry.npmmirror.com/media-typer set size:4240 disposed:false
262 http fetch GET 200 https://registry.npmmirror.com/destroy 81ms (cache miss)
263 silly packumentCache full:https://registry.npmmirror.com/destroy set size:5387 disposed:false
264 silly packumentCache full:https://registry.npmmirror.com/destroy dispose
265 http fetch GET 200 https://registry.npmmirror.com/ms 87ms (cache miss)
266 silly packumentCache full:https://registry.npmmirror.com/ms set size:12879 disposed:false
267 http fetch GET 200 https://registry.npmmirror.com/ms 86ms (cache miss)
268 silly packumentCache full:https://registry.npmmirror.com/ms set size:12879 disposed:false
269 silly packumentCache full:https://registry.npmmirror.com/ms dispose
270 http fetch GET 200 https://registry.npmmirror.com/mime-types 87ms (cache miss)
271 silly packumentCache full:https://registry.npmmirror.com/mime-types set size:20913 disposed:false
272 silly packumentCache full:https://registry.npmmirror.com/mime-types dispose
273 http fetch GET 200 https://registry.npmmirror.com/mime 89ms (cache miss)
274 silly packumentCache full:https://registry.npmmirror.com/mime set size:20437 disposed:false
275 silly placeDep ROOT mime-types@2.1.35 OK for: accepts@1.3.8 want: ~2.1.34
276 silly placeDep ROOT negotiator@0.6.3 OK for: accepts@1.3.8 want: 0.6.3
277 silly fetch manifest mime-db@1.52.0
278 silly packumentCache full:https://registry.npmmirror.com/mime-db cache-miss
279 http fetch GET 200 https://registry.npmmirror.com/mime-db 47ms (cache miss)
280 silly packumentCache full:https://registry.npmmirror.com/mime-db set size:24186 disposed:false
281 silly placeDep ROOT bytes@3.1.2 OK for: body-parser@1.20.3 want: 3.1.2
282 silly placeDep ROOT destroy@1.2.0 OK for: body-parser@1.20.3 want: 1.2.0
283 silly placeDep ROOT iconv-lite@0.4.24 OK for: body-parser@1.20.3 want: 0.4.24
284 silly placeDep ROOT raw-body@2.5.2 OK for: body-parser@1.20.3 want: 2.5.2
285 silly placeDep ROOT unpipe@1.0.0 OK for: body-parser@1.20.3 want: 1.0.0
286 silly fetch manifest safer-buffer@>= 2.1.2 < 3
287 silly packumentCache full:https://registry.npmmirror.com/safer-buffer cache-miss
288 http fetch GET 200 https://registry.npmmirror.com/safer-buffer 39ms (cache miss)
289 silly packumentCache full:https://registry.npmmirror.com/safer-buffer set size:6036 disposed:false
290 silly placeDep ROOT ms@2.0.0 OK for: debug@2.6.9 want: 2.0.0
291 silly placeDep ROOT inherits@2.0.4 OK for: http-errors@2.0.0 want: 2.0.4
292 silly placeDep ROOT toidentifier@1.0.1 OK for: http-errors@2.0.0 want: 1.0.1
293 silly placeDep ROOT safer-buffer@2.1.2 OK for: iconv-lite@0.4.24 want: >= 2.1.2 < 3
294 silly placeDep ROOT mime-db@1.52.0 OK for: mime-types@2.1.35 want: 1.52.0
295 silly placeDep ROOT ee-first@1.1.1 OK for: on-finished@2.4.1 want: 1.1.1
296 silly placeDep ROOT forwarded@0.2.0 OK for: proxy-addr@2.0.7 want: 0.2.0
297 silly placeDep ROOT ipaddr.js@1.9.1 OK for: proxy-addr@2.0.7 want: 1.9.1
298 silly placeDep ROOT side-channel@1.1.0 OK for: qs@6.13.0 want: ^1.0.6
299 silly fetch manifest es-errors@^1.3.0
300 silly packumentCache full:https://registry.npmmirror.com/es-errors cache-miss
301 silly fetch manifest object-inspect@^1.13.3
302 silly packumentCache full:https://registry.npmmirror.com/object-inspect cache-miss
303 silly fetch manifest side-channel-list@^1.0.0
304 silly packumentCache full:https://registry.npmmirror.com/side-channel-list cache-miss
305 silly fetch manifest side-channel-map@^1.0.1
306 silly packumentCache full:https://registry.npmmirror.com/side-channel-map cache-miss
307 silly fetch manifest side-channel-weakmap@^1.0.2
308 silly packumentCache full:https://registry.npmmirror.com/side-channel-weakmap cache-miss
309 http fetch GET 200 https://registry.npmmirror.com/es-errors 37ms (cache miss)
310 silly packumentCache full:https://registry.npmmirror.com/es-errors set size:4030 disposed:false
311 http fetch GET 200 https://registry.npmmirror.com/side-channel-map 37ms (cache miss)
312 silly packumentCache full:https://registry.npmmirror.com/side-channel-map set size:3039 disposed:false
313 http fetch GET 200 https://registry.npmmirror.com/object-inspect 41ms (cache miss)
314 silly packumentCache full:https://registry.npmmirror.com/object-inspect set size:19266 disposed:false
315 http fetch GET 200 https://registry.npmmirror.com/side-channel-weakmap 41ms (cache miss)
316 silly packumentCache full:https://registry.npmmirror.com/side-channel-weakmap set size:3754 disposed:false
317 http fetch GET 200 https://registry.npmmirror.com/side-channel-list 42ms (cache miss)
318 silly packumentCache full:https://registry.npmmirror.com/side-channel-list set size:2589 disposed:false
319 silly placeDep node_modules/send encodeurl@1.0.2 OK for: send@0.19.0 want: ~1.0.2
320 silly placeDep ROOT mime@1.6.0 OK for: send@0.19.0 want: 1.6.0
321 silly placeDep node_modules/send ms@2.1.3 OK for: send@0.19.0 want: 2.1.3
322 silly placeDep ROOT es-errors@1.3.0 OK for: side-channel@1.1.0 want: ^1.3.0
323 silly placeDep ROOT object-inspect@1.13.4 OK for: side-channel@1.1.0 want: ^1.13.3
324 silly placeDep ROOT side-channel-list@1.0.0 OK for: side-channel@1.1.0 want: ^1.0.0
325 silly placeDep ROOT side-channel-map@1.0.1 OK for: side-channel@1.1.0 want: ^1.0.1
326 silly placeDep ROOT side-channel-weakmap@1.0.2 OK for: side-channel@1.1.0 want: ^1.0.2
327 silly fetch manifest call-bound@^1.0.2
328 silly packumentCache full:https://registry.npmmirror.com/call-bound cache-miss
329 silly fetch manifest get-intrinsic@^1.2.5
330 silly packumentCache full:https://registry.npmmirror.com/get-intrinsic cache-miss
331 silly fetch manifest call-bound@^1.0.2
332 silly packumentCache full:https://registry.npmmirror.com/call-bound cache-miss
333 silly fetch manifest get-intrinsic@^1.2.5
334 silly packumentCache full:https://registry.npmmirror.com/get-intrinsic cache-miss
335 http fetch GET 200 https://registry.npmmirror.com/call-bound 33ms (cache miss)
336 silly packumentCache full:https://registry.npmmirror.com/call-bound set size:3859 disposed:false
337 http fetch GET 200 https://registry.npmmirror.com/call-bound 34ms (cache miss)
338 silly packumentCache full:https://registry.npmmirror.com/call-bound set size:3859 disposed:false
339 silly packumentCache full:https://registry.npmmirror.com/call-bound dispose
340 http fetch GET 200 https://registry.npmmirror.com/get-intrinsic 34ms (cache miss)
341 silly packumentCache full:https://registry.npmmirror.com/get-intrinsic set size:11108 disposed:false
342 http fetch GET 200 https://registry.npmmirror.com/get-intrinsic 40ms (cache miss)
343 silly packumentCache full:https://registry.npmmirror.com/get-intrinsic set size:11108 disposed:false
344 silly packumentCache full:https://registry.npmmirror.com/get-intrinsic dispose
345 silly placeDep ROOT call-bound@1.0.4 OK for: side-channel-map@1.0.1 want: ^1.0.2
346 silly placeDep ROOT get-intrinsic@1.3.0 OK for: side-channel-map@1.0.1 want: ^1.2.5
347 silly fetch manifest call-bind-apply-helpers@^1.0.2
348 silly packumentCache full:https://registry.npmmirror.com/call-bind-apply-helpers cache-miss
349 silly fetch manifest get-intrinsic@^1.3.0
350 silly packumentCache full:https://registry.npmmirror.com/get-intrinsic cache-hit
351 silly fetch manifest call-bind-apply-helpers@^1.0.2
352 silly packumentCache full:https://registry.npmmirror.com/call-bind-apply-helpers cache-miss
353 silly fetch manifest es-define-property@^1.0.1
354 silly packumentCache full:https://registry.npmmirror.com/es-define-property cache-miss
355 silly fetch manifest es-object-atoms@^1.1.1
356 silly packumentCache full:https://registry.npmmirror.com/es-object-atoms cache-miss
357 silly fetch manifest function-bind@^1.1.2
358 silly packumentCache full:https://registry.npmmirror.com/function-bind cache-miss
359 silly fetch manifest get-proto@^1.0.1
360 silly packumentCache full:https://registry.npmmirror.com/get-proto cache-miss
361 silly fetch manifest gopd@^1.2.0
362 silly packumentCache full:https://registry.npmmirror.com/gopd cache-miss
363 silly fetch manifest has-symbols@^1.1.0
364 silly packumentCache full:https://registry.npmmirror.com/has-symbols cache-miss
365 silly fetch manifest hasown@^2.0.2
366 silly packumentCache full:https://registry.npmmirror.com/hasown cache-miss
367 silly fetch manifest math-intrinsics@^1.1.0
368 silly packumentCache full:https://registry.npmmirror.com/math-intrinsics cache-miss
369 http fetch GET 200 https://registry.npmmirror.com/hasown 43ms (cache miss)
370 silly packumentCache full:https://registry.npmmirror.com/hasown set size:3832 disposed:false
371 http fetch GET 200 https://registry.npmmirror.com/get-proto 45ms (cache miss)
372 silly packumentCache full:https://registry.npmmirror.com/get-proto set size:2799 disposed:false
373 http fetch GET 200 https://registry.npmmirror.com/call-bind-apply-helpers 47ms (cache miss)
374 silly packumentCache full:https://registry.npmmirror.com/call-bind-apply-helpers set size:3532 disposed:false
375 http fetch GET 200 https://registry.npmmirror.com/es-object-atoms 48ms (cache miss)
376 silly packumentCache full:https://registry.npmmirror.com/es-object-atoms set size:3862 disposed:false
377 http fetch GET 200 https://registry.npmmirror.com/gopd 48ms (cache miss)
378 silly packumentCache full:https://registry.npmmirror.com/gopd set size:3962 disposed:false
379 http fetch GET 200 https://registry.npmmirror.com/math-intrinsics 48ms (cache miss)
380 silly packumentCache full:https://registry.npmmirror.com/math-intrinsics set size:3012 disposed:false
381 http fetch GET 200 https://registry.npmmirror.com/es-define-property 50ms (cache miss)
382 silly packumentCache full:https://registry.npmmirror.com/es-define-property set size:2896 disposed:false
383 http fetch GET 200 https://registry.npmmirror.com/call-bind-apply-helpers 51ms (cache miss)
384 silly packumentCache full:https://registry.npmmirror.com/call-bind-apply-helpers set size:3532 disposed:false
385 silly packumentCache full:https://registry.npmmirror.com/call-bind-apply-helpers dispose
386 http fetch GET 200 https://registry.npmmirror.com/has-symbols 51ms (cache miss)
387 silly packumentCache full:https://registry.npmmirror.com/has-symbols set size:5325 disposed:false
388 http fetch GET 200 https://registry.npmmirror.com/function-bind 53ms (cache miss)
389 silly packumentCache full:https://registry.npmmirror.com/function-bind set size:4376 disposed:false
390 silly placeDep ROOT call-bind-apply-helpers@1.0.2 OK for: call-bound@1.0.4 want: ^1.0.2
391 silly placeDep ROOT function-bind@1.1.2 OK for: call-bind-apply-helpers@1.0.2 want: ^1.1.2
392 silly placeDep ROOT es-define-property@1.0.1 OK for: get-intrinsic@1.3.0 want: ^1.0.1
393 silly placeDep ROOT es-object-atoms@1.1.1 OK for: get-intrinsic@1.3.0 want: ^1.1.1
394 silly placeDep ROOT get-proto@1.0.1 OK for: get-intrinsic@1.3.0 want: ^1.0.1
395 silly placeDep ROOT gopd@1.2.0 OK for: get-intrinsic@1.3.0 want: ^1.2.0
396 silly placeDep ROOT has-symbols@1.1.0 OK for: get-intrinsic@1.3.0 want: ^1.1.0
397 silly placeDep ROOT hasown@2.0.2 OK for: get-intrinsic@1.3.0 want: ^2.0.2
398 silly placeDep ROOT math-intrinsics@1.1.0 OK for: get-intrinsic@1.3.0 want: ^1.1.0
399 silly fetch manifest dunder-proto@^1.0.1
400 silly packumentCache full:https://registry.npmmirror.com/dunder-proto cache-miss
401 http fetch GET 200 https://registry.npmmirror.com/dunder-proto 42ms (cache miss)
402 silly packumentCache full:https://registry.npmmirror.com/dunder-proto set size:2798 disposed:false
403 silly placeDep ROOT dunder-proto@1.0.1 OK for: get-proto@1.0.1 want: ^1.0.1
404 silly placeDep ROOT media-typer@0.3.0 OK for: type-is@1.6.18 want: 0.3.0
405 silly reify moves {}
406 silly audit bulk request {
406 silly audit   cors: [ '2.8.5' ],
406 silly audit   express: [ '4.21.2' ],
406 silly audit   'object-assign': [ '4.1.1' ],
406 silly audit   vary: [ '1.1.2' ],
406 silly audit   accepts: [ '1.3.8' ],
406 silly audit   'array-flatten': [ '1.1.1' ],
406 silly audit   'body-parser': [ '1.20.3' ],
406 silly audit   'content-disposition': [ '0.5.4' ],
406 silly audit   'content-type': [ '1.0.5' ],
406 silly audit   cookie: [ '0.7.1' ],
406 silly audit   'cookie-signature': [ '1.0.6' ],
406 silly audit   debug: [ '2.6.9' ],
406 silly audit   depd: [ '2.0.0' ],
406 silly audit   encodeurl: [ '2.0.0', '1.0.2' ],
406 silly audit   'escape-html': [ '1.0.3' ],
406 silly audit   etag: [ '1.8.1' ],
406 silly audit   finalhandler: [ '1.3.1' ],
406 silly audit   fresh: [ '0.5.2' ],
406 silly audit   'http-errors': [ '2.0.0' ],
406 silly audit   'merge-descriptors': [ '1.0.3' ],
406 silly audit   methods: [ '1.1.2' ],
406 silly audit   'on-finished': [ '2.4.1' ],
406 silly audit   parseurl: [ '1.3.3' ],
406 silly audit   'path-to-regexp': [ '0.1.12' ],
406 silly audit   'proxy-addr': [ '2.0.7' ],
406 silly audit   qs: [ '6.13.0' ],
406 silly audit   'range-parser': [ '1.2.1' ],
406 silly audit   'safe-buffer': [ '5.2.1' ],
406 silly audit   send: [ '0.19.0' ],
406 silly audit   'serve-static': [ '1.16.2' ],
406 silly audit   setprototypeof: [ '1.2.0' ],
406 silly audit   statuses: [ '2.0.1' ],
406 silly audit   'type-is': [ '1.6.18' ],
406 silly audit   'utils-merge': [ '1.0.1' ],
406 silly audit   'mime-types': [ '2.1.35' ],
406 silly audit   negotiator: [ '0.6.3' ],
406 silly audit   bytes: [ '3.1.2' ],
406 silly audit   destroy: [ '1.2.0' ],
406 silly audit   'iconv-lite': [ '0.4.24' ],
406 silly audit   'raw-body': [ '2.5.2' ],
406 silly audit   unpipe: [ '1.0.0' ],
406 silly audit   ms: [ '2.0.0', '2.1.3' ],
406 silly audit   inherits: [ '2.0.4' ],
406 silly audit   toidentifier: [ '1.0.1' ],
406 silly audit   'safer-buffer': [ '2.1.2' ],
406 silly audit   'mime-db': [ '1.52.0' ],
406 silly audit   'ee-first': [ '1.1.1' ],
406 silly audit   forwarded: [ '0.2.0' ],
406 silly audit   'ipaddr.js': [ '1.9.1' ],
406 silly audit   'side-channel': [ '1.1.0' ],
406 silly audit   mime: [ '1.6.0' ],
406 silly audit   'es-errors': [ '1.3.0' ],
406 silly audit   'object-inspect': [ '1.13.4' ],
406 silly audit   'side-channel-list': [ '1.0.0' ],
406 silly audit   'side-channel-map': [ '1.0.1' ],
406 silly audit   'side-channel-weakmap': [ '1.0.2' ],
406 silly audit   'call-bound': [ '1.0.4' ],
406 silly audit   'get-intrinsic': [ '1.3.0' ],
406 silly audit   'call-bind-apply-helpers': [ '1.0.2' ],
406 silly audit   'function-bind': [ '1.1.2' ],
406 silly audit   'es-define-property': [ '1.0.1' ],
406 silly audit   'es-object-atoms': [ '1.1.1' ],
406 silly audit   'get-proto': [ '1.0.1' ],
406 silly audit   gopd: [ '1.2.0' ],
406 silly audit   'has-symbols': [ '1.1.0' ],
406 silly audit   hasown: [ '2.0.2' ],
406 silly audit   'math-intrinsics': [ '1.1.0' ],
406 silly audit   'dunder-proto': [ '1.0.1' ],
406 silly audit   'media-typer': [ '0.3.0' ]
406 silly audit }
407 http cache media-typer@https://registry.npmmirror.com/media-typer/-/media-typer-0.3.0.tgz 0ms (cache hit)
408 http cache hasown@https://registry.npmmirror.com/hasown/-/hasown-2.0.2.tgz 0ms (cache hit)
409 http cache dunder-proto@https://registry.npmmirror.com/dunder-proto/-/dunder-proto-1.0.1.tgz 0ms (cache hit)
410 http cache math-intrinsics@https://registry.npmmirror.com/math-intrinsics/-/math-intrinsics-1.1.0.tgz 0ms (cache hit)
411 http cache es-object-atoms@https://registry.npmmirror.com/es-object-atoms/-/es-object-atoms-1.1.1.tgz 0ms (cache hit)
412 http cache gopd@https://registry.npmmirror.com/gopd/-/gopd-1.2.0.tgz 0ms (cache hit)
413 http cache has-symbols@https://registry.npmmirror.com/has-symbols/-/has-symbols-1.1.0.tgz 0ms (cache hit)
414 http cache get-proto@https://registry.npmmirror.com/get-proto/-/get-proto-1.0.1.tgz 0ms (cache hit)
415 http cache es-define-property@https://registry.npmmirror.com/es-define-property/-/es-define-property-1.0.1.tgz 0ms (cache hit)
416 http cache function-bind@https://registry.npmmirror.com/function-bind/-/function-bind-1.1.2.tgz 0ms (cache hit)
417 http cache get-intrinsic@https://registry.npmmirror.com/get-intrinsic/-/get-intrinsic-1.3.0.tgz 0ms (cache hit)
418 http cache call-bind-apply-helpers@https://registry.npmmirror.com/call-bind-apply-helpers/-/call-bind-apply-helpers-1.0.2.tgz 0ms (cache hit)
419 http cache call-bound@https://registry.npmmirror.com/call-bound/-/call-bound-1.0.4.tgz 0ms (cache hit)
420 http cache side-channel-weakmap@https://registry.npmmirror.com/side-channel-weakmap/-/side-channel-weakmap-1.0.2.tgz 0ms (cache hit)
421 http cache side-channel-list@https://registry.npmmirror.com/side-channel-list/-/side-channel-list-1.0.0.tgz 0ms (cache hit)
422 http cache object-inspect@https://registry.npmmirror.com/object-inspect/-/object-inspect-1.13.4.tgz 0ms (cache hit)
423 http cache es-errors@https://registry.npmmirror.com/es-errors/-/es-errors-1.3.0.tgz 0ms (cache hit)
424 http cache side-channel-map@https://registry.npmmirror.com/side-channel-map/-/side-channel-map-1.0.1.tgz 0ms (cache hit)
425 http cache mime@https://registry.npmmirror.com/mime/-/mime-1.6.0.tgz 0ms (cache hit)
426 http cache side-channel@https://registry.npmmirror.com/side-channel/-/side-channel-1.1.0.tgz 0ms (cache hit)
427 http cache ipaddr.js@https://registry.npmmirror.com/ipaddr.js/-/ipaddr.js-1.9.1.tgz 0ms (cache hit)
428 http cache forwarded@https://registry.npmmirror.com/forwarded/-/forwarded-0.2.0.tgz 0ms (cache hit)
429 http cache ee-first@https://registry.npmmirror.com/ee-first/-/ee-first-1.1.1.tgz 0ms (cache hit)
430 http cache safer-buffer@https://registry.npmmirror.com/safer-buffer/-/safer-buffer-2.1.2.tgz 0ms (cache hit)
431 http cache mime-db@https://registry.npmmirror.com/mime-db/-/mime-db-1.52.0.tgz 0ms (cache hit)
432 http cache toidentifier@https://registry.npmmirror.com/toidentifier/-/toidentifier-1.0.1.tgz 0ms (cache hit)
433 http cache inherits@https://registry.npmmirror.com/inherits/-/inherits-2.0.4.tgz 0ms (cache hit)
434 http cache ms@https://registry.npmmirror.com/ms/-/ms-2.0.0.tgz 0ms (cache hit)
435 http cache iconv-lite@https://registry.npmmirror.com/iconv-lite/-/iconv-lite-0.4.24.tgz 0ms (cache hit)
436 http cache unpipe@https://registry.npmmirror.com/unpipe/-/unpipe-1.0.0.tgz 0ms (cache hit)
437 http cache raw-body@https://registry.npmmirror.com/raw-body/-/raw-body-2.5.2.tgz 0ms (cache hit)
438 http cache destroy@https://registry.npmmirror.com/destroy/-/destroy-1.2.0.tgz 0ms (cache hit)
439 http cache bytes@https://registry.npmmirror.com/bytes/-/bytes-3.1.2.tgz 0ms (cache hit)
440 http cache mime-types@https://registry.npmmirror.com/mime-types/-/mime-types-2.1.35.tgz 0ms (cache hit)
441 http cache negotiator@https://registry.npmmirror.com/negotiator/-/negotiator-0.6.3.tgz 0ms (cache hit)
442 http cache utils-merge@https://registry.npmmirror.com/utils-merge/-/utils-merge-1.0.1.tgz 0ms (cache hit)
443 http cache type-is@https://registry.npmmirror.com/type-is/-/type-is-1.6.18.tgz 0ms (cache hit)
444 http cache statuses@https://registry.npmmirror.com/statuses/-/statuses-2.0.1.tgz 0ms (cache hit)
445 http cache setprototypeof@https://registry.npmmirror.com/setprototypeof/-/setprototypeof-1.2.0.tgz 0ms (cache hit)
446 http cache safe-buffer@https://registry.npmmirror.com/safe-buffer/-/safe-buffer-5.2.1.tgz 0ms (cache hit)
447 http cache serve-static@https://registry.npmmirror.com/serve-static/-/serve-static-1.16.2.tgz 0ms (cache hit)
448 http cache range-parser@https://registry.npmmirror.com/range-parser/-/range-parser-1.2.1.tgz 0ms (cache hit)
449 http cache send@https://registry.npmmirror.com/send/-/send-0.19.0.tgz 0ms (cache hit)
450 http cache qs@https://registry.npmmirror.com/qs/-/qs-6.13.0.tgz 0ms (cache hit)
451 http cache proxy-addr@https://registry.npmmirror.com/proxy-addr/-/proxy-addr-2.0.7.tgz 0ms (cache hit)
452 http cache on-finished@https://registry.npmmirror.com/on-finished/-/on-finished-2.4.1.tgz 0ms (cache hit)
453 http cache path-to-regexp@https://registry.npmmirror.com/path-to-regexp/-/path-to-regexp-0.1.12.tgz 0ms (cache hit)
454 http cache parseurl@https://registry.npmmirror.com/parseurl/-/parseurl-1.3.3.tgz 0ms (cache hit)
455 http cache methods@https://registry.npmmirror.com/methods/-/methods-1.1.2.tgz 0ms (cache hit)
456 http cache merge-descriptors@https://registry.npmmirror.com/merge-descriptors/-/merge-descriptors-1.0.3.tgz 0ms (cache hit)
457 http cache http-errors@https://registry.npmmirror.com/http-errors/-/http-errors-2.0.0.tgz 0ms (cache hit)
458 http cache fresh@https://registry.npmmirror.com/fresh/-/fresh-0.5.2.tgz 0ms (cache hit)
459 http cache encodeurl@https://registry.npmmirror.com/encodeurl/-/encodeurl-2.0.0.tgz 0ms (cache hit)
460 http cache finalhandler@https://registry.npmmirror.com/finalhandler/-/finalhandler-1.3.1.tgz 0ms (cache hit)
461 http cache etag@https://registry.npmmirror.com/etag/-/etag-1.8.1.tgz 0ms (cache hit)
462 http cache escape-html@https://registry.npmmirror.com/escape-html/-/escape-html-1.0.3.tgz 0ms (cache hit)
463 http cache depd@https://registry.npmmirror.com/depd/-/depd-2.0.0.tgz 0ms (cache hit)
464 http cache cookie@https://registry.npmmirror.com/cookie/-/cookie-0.7.1.tgz 0ms (cache hit)
465 http cache debug@https://registry.npmmirror.com/debug/-/debug-2.6.9.tgz 0ms (cache hit)
466 http cache content-type@https://registry.npmmirror.com/content-type/-/content-type-1.0.5.tgz 0ms (cache hit)
467 http cache body-parser@https://registry.npmmirror.com/body-parser/-/body-parser-1.20.3.tgz 0ms (cache hit)
468 http cache content-disposition@https://registry.npmmirror.com/content-disposition/-/content-disposition-0.5.4.tgz 0ms (cache hit)
469 http cache cookie-signature@https://registry.npmmirror.com/cookie-signature/-/cookie-signature-1.0.6.tgz 0ms (cache hit)
470 http cache accepts@https://registry.npmmirror.com/accepts/-/accepts-1.3.8.tgz 0ms (cache hit)
471 http cache array-flatten@https://registry.npmmirror.com/array-flatten/-/array-flatten-1.1.1.tgz 0ms (cache hit)
472 http cache object-assign@https://registry.npmmirror.com/object-assign/-/object-assign-4.1.1.tgz 0ms (cache hit)
473 http cache vary@https://registry.npmmirror.com/vary/-/vary-1.1.2.tgz 0ms (cache hit)
474 http cache express@https://registry.npmmirror.com/express/-/express-4.21.2.tgz 0ms (cache hit)
475 http cache cors@https://registry.npmmirror.com/cors/-/cors-2.8.5.tgz 0ms (cache hit)
476 silly tarball no local data for media-typer@https://registry.npmmirror.com/media-typer/-/media-typer-0.3.0.tgz. Extracting by manifest.
477 silly tarball no local data for hasown@https://registry.npmmirror.com/hasown/-/hasown-2.0.2.tgz. Extracting by manifest.
478 silly tarball no local data for dunder-proto@https://registry.npmmirror.com/dunder-proto/-/dunder-proto-1.0.1.tgz. Extracting by manifest.
479 silly tarball no local data for math-intrinsics@https://registry.npmmirror.com/math-intrinsics/-/math-intrinsics-1.1.0.tgz. Extracting by manifest.
480 silly tarball no local data for es-object-atoms@https://registry.npmmirror.com/es-object-atoms/-/es-object-atoms-1.1.1.tgz. Extracting by manifest.
481 silly tarball no local data for gopd@https://registry.npmmirror.com/gopd/-/gopd-1.2.0.tgz. Extracting by manifest.
482 http cache encodeurl@https://registry.npmmirror.com/encodeurl/-/encodeurl-1.0.2.tgz 0ms (cache hit)
483 silly tarball no local data for has-symbols@https://registry.npmmirror.com/has-symbols/-/has-symbols-1.1.0.tgz. Extracting by manifest.
484 silly tarball no local data for get-proto@https://registry.npmmirror.com/get-proto/-/get-proto-1.0.1.tgz. Extracting by manifest.
485 silly tarball no local data for es-define-property@https://registry.npmmirror.com/es-define-property/-/es-define-property-1.0.1.tgz. Extracting by manifest.
486 silly tarball no local data for function-bind@https://registry.npmmirror.com/function-bind/-/function-bind-1.1.2.tgz. Extracting by manifest.
487 http cache ms@https://registry.npmmirror.com/ms/-/ms-2.1.3.tgz 0ms (cache hit)
488 silly tarball no local data for get-intrinsic@https://registry.npmmirror.com/get-intrinsic/-/get-intrinsic-1.3.0.tgz. Extracting by manifest.
489 silly tarball no local data for call-bind-apply-helpers@https://registry.npmmirror.com/call-bind-apply-helpers/-/call-bind-apply-helpers-1.0.2.tgz. Extracting by manifest.
490 silly tarball no local data for call-bound@https://registry.npmmirror.com/call-bound/-/call-bound-1.0.4.tgz. Extracting by manifest.
491 silly tarball no local data for side-channel-weakmap@https://registry.npmmirror.com/side-channel-weakmap/-/side-channel-weakmap-1.0.2.tgz. Extracting by manifest.
492 silly tarball no local data for side-channel-list@https://registry.npmmirror.com/side-channel-list/-/side-channel-list-1.0.0.tgz. Extracting by manifest.
493 silly tarball no local data for object-inspect@https://registry.npmmirror.com/object-inspect/-/object-inspect-1.13.4.tgz. Extracting by manifest.
494 silly tarball no local data for es-errors@https://registry.npmmirror.com/es-errors/-/es-errors-1.3.0.tgz. Extracting by manifest.
495 silly tarball no local data for side-channel-map@https://registry.npmmirror.com/side-channel-map/-/side-channel-map-1.0.1.tgz. Extracting by manifest.
496 silly tarball no local data for mime@https://registry.npmmirror.com/mime/-/mime-1.6.0.tgz. Extracting by manifest.
497 silly tarball no local data for side-channel@https://registry.npmmirror.com/side-channel/-/side-channel-1.1.0.tgz. Extracting by manifest.
498 silly tarball no local data for ipaddr.js@https://registry.npmmirror.com/ipaddr.js/-/ipaddr.js-1.9.1.tgz. Extracting by manifest.
499 silly tarball no local data for forwarded@https://registry.npmmirror.com/forwarded/-/forwarded-0.2.0.tgz. Extracting by manifest.
500 silly tarball no local data for ee-first@https://registry.npmmirror.com/ee-first/-/ee-first-1.1.1.tgz. Extracting by manifest.
501 silly tarball no local data for safer-buffer@https://registry.npmmirror.com/safer-buffer/-/safer-buffer-2.1.2.tgz. Extracting by manifest.
502 silly tarball no local data for mime-db@https://registry.npmmirror.com/mime-db/-/mime-db-1.52.0.tgz. Extracting by manifest.
503 silly tarball no local data for toidentifier@https://registry.npmmirror.com/toidentifier/-/toidentifier-1.0.1.tgz. Extracting by manifest.
504 silly tarball no local data for inherits@https://registry.npmmirror.com/inherits/-/inherits-2.0.4.tgz. Extracting by manifest.
505 silly tarball no local data for ms@https://registry.npmmirror.com/ms/-/ms-2.0.0.tgz. Extracting by manifest.
506 silly tarball no local data for iconv-lite@https://registry.npmmirror.com/iconv-lite/-/iconv-lite-0.4.24.tgz. Extracting by manifest.
507 silly tarball no local data for unpipe@https://registry.npmmirror.com/unpipe/-/unpipe-1.0.0.tgz. Extracting by manifest.
508 silly tarball no local data for raw-body@https://registry.npmmirror.com/raw-body/-/raw-body-2.5.2.tgz. Extracting by manifest.
509 silly tarball no local data for destroy@https://registry.npmmirror.com/destroy/-/destroy-1.2.0.tgz. Extracting by manifest.
510 silly tarball no local data for bytes@https://registry.npmmirror.com/bytes/-/bytes-3.1.2.tgz. Extracting by manifest.
511 silly tarball no local data for mime-types@https://registry.npmmirror.com/mime-types/-/mime-types-2.1.35.tgz. Extracting by manifest.
512 silly tarball no local data for negotiator@https://registry.npmmirror.com/negotiator/-/negotiator-0.6.3.tgz. Extracting by manifest.
513 silly tarball no local data for utils-merge@https://registry.npmmirror.com/utils-merge/-/utils-merge-1.0.1.tgz. Extracting by manifest.
514 silly tarball no local data for type-is@https://registry.npmmirror.com/type-is/-/type-is-1.6.18.tgz. Extracting by manifest.
515 silly tarball no local data for statuses@https://registry.npmmirror.com/statuses/-/statuses-2.0.1.tgz. Extracting by manifest.
516 silly tarball no local data for setprototypeof@https://registry.npmmirror.com/setprototypeof/-/setprototypeof-1.2.0.tgz. Extracting by manifest.
517 silly tarball no local data for safe-buffer@https://registry.npmmirror.com/safe-buffer/-/safe-buffer-5.2.1.tgz. Extracting by manifest.
518 silly tarball no local data for serve-static@https://registry.npmmirror.com/serve-static/-/serve-static-1.16.2.tgz. Extracting by manifest.
519 silly tarball no local data for range-parser@https://registry.npmmirror.com/range-parser/-/range-parser-1.2.1.tgz. Extracting by manifest.
520 silly tarball no local data for send@https://registry.npmmirror.com/send/-/send-0.19.0.tgz. Extracting by manifest.
521 silly tarball no local data for qs@https://registry.npmmirror.com/qs/-/qs-6.13.0.tgz. Extracting by manifest.
522 silly tarball no local data for proxy-addr@https://registry.npmmirror.com/proxy-addr/-/proxy-addr-2.0.7.tgz. Extracting by manifest.
523 silly tarball no local data for on-finished@https://registry.npmmirror.com/on-finished/-/on-finished-2.4.1.tgz. Extracting by manifest.
524 silly tarball no local data for path-to-regexp@https://registry.npmmirror.com/path-to-regexp/-/path-to-regexp-0.1.12.tgz. Extracting by manifest.
525 silly tarball no local data for parseurl@https://registry.npmmirror.com/parseurl/-/parseurl-1.3.3.tgz. Extracting by manifest.
526 silly tarball no local data for methods@https://registry.npmmirror.com/methods/-/methods-1.1.2.tgz. Extracting by manifest.
527 silly tarball no local data for merge-descriptors@https://registry.npmmirror.com/merge-descriptors/-/merge-descriptors-1.0.3.tgz. Extracting by manifest.
528 silly tarball no local data for http-errors@https://registry.npmmirror.com/http-errors/-/http-errors-2.0.0.tgz. Extracting by manifest.
529 silly tarball no local data for fresh@https://registry.npmmirror.com/fresh/-/fresh-0.5.2.tgz. Extracting by manifest.
530 silly tarball no local data for encodeurl@https://registry.npmmirror.com/encodeurl/-/encodeurl-2.0.0.tgz. Extracting by manifest.
531 silly tarball no local data for finalhandler@https://registry.npmmirror.com/finalhandler/-/finalhandler-1.3.1.tgz. Extracting by manifest.
532 silly tarball no local data for etag@https://registry.npmmirror.com/etag/-/etag-1.8.1.tgz. Extracting by manifest.
533 silly tarball no local data for depd@https://registry.npmmirror.com/depd/-/depd-2.0.0.tgz. Extracting by manifest.
534 silly tarball no local data for escape-html@https://registry.npmmirror.com/escape-html/-/escape-html-1.0.3.tgz. Extracting by manifest.
535 silly tarball no local data for cookie@https://registry.npmmirror.com/cookie/-/cookie-0.7.1.tgz. Extracting by manifest.
536 silly tarball no local data for debug@https://registry.npmmirror.com/debug/-/debug-2.6.9.tgz. Extracting by manifest.
537 silly tarball no local data for content-type@https://registry.npmmirror.com/content-type/-/content-type-1.0.5.tgz. Extracting by manifest.
538 silly tarball no local data for body-parser@https://registry.npmmirror.com/body-parser/-/body-parser-1.20.3.tgz. Extracting by manifest.
539 silly tarball no local data for content-disposition@https://registry.npmmirror.com/content-disposition/-/content-disposition-0.5.4.tgz. Extracting by manifest.
540 silly tarball no local data for cookie-signature@https://registry.npmmirror.com/cookie-signature/-/cookie-signature-1.0.6.tgz. Extracting by manifest.
541 silly tarball no local data for accepts@https://registry.npmmirror.com/accepts/-/accepts-1.3.8.tgz. Extracting by manifest.
542 silly tarball no local data for array-flatten@https://registry.npmmirror.com/array-flatten/-/array-flatten-1.1.1.tgz. Extracting by manifest.
543 silly tarball no local data for object-assign@https://registry.npmmirror.com/object-assign/-/object-assign-4.1.1.tgz. Extracting by manifest.
544 silly tarball no local data for vary@https://registry.npmmirror.com/vary/-/vary-1.1.2.tgz. Extracting by manifest.
545 silly tarball no local data for express@https://registry.npmmirror.com/express/-/express-4.21.2.tgz. Extracting by manifest.
546 silly tarball no local data for cors@https://registry.npmmirror.com/cors/-/cors-2.8.5.tgz. Extracting by manifest.
547 silly tarball no local data for encodeurl@https://registry.npmmirror.com/encodeurl/-/encodeurl-1.0.2.tgz. Extracting by manifest.
548 silly tarball no local data for ms@https://registry.npmmirror.com/ms/-/ms-2.1.3.tgz. Extracting by manifest.
549 http fetch POST 404 https://registry.npmmirror.com/-/npm/v1/security/advisories/bulk 53ms
550 silly audit bulk request failed [object Object]
551 http fetch POST 404 https://registry.npmmirror.com/-/npm/v1/security/audits/quick 293ms
552 verbose audit error HttpErrorGeneral: 404 Not Found - POST https://registry.npmmirror.com/-/npm/v1/security/audits/quick - [NOT_IMPLEMENTED] /-/npm/v1/security/* not implemented yet
552 verbose audit error     at C:\Users\17870\nodejs\node_modules\npm\node_modules\npm-registry-fetch\lib\check-response.js:103:15
552 verbose audit error     at process.processTicksAndRejections (node:internal/process/task_queues:105:5)
552 verbose audit error     at async [getReport] (C:\Users\17870\nodejs\node_modules\npm\node_modules\@npmcli\arborist\lib\audit-report.js:336:21)
552 verbose audit error     at async AuditReport.run (C:\Users\17870\nodejs\node_modules\npm\node_modules\@npmcli\arborist\lib\audit-report.js:106:19) {
552 verbose audit error   headers: [Object: null prototype] {
552 verbose audit error     server: [ 'Tengine' ],
552 verbose audit error     date: [ 'Tue, 06 May 2025 08:59:35 GMT' ],
552 verbose audit error     'content-type': [ 'application/json' ],
552 verbose audit error     'transfer-encoding': [ 'chunked' ],
552 verbose audit error     connection: [ 'keep-alive' ],
552 verbose audit error     'strict-transport-security': [ 'max-age=5184000' ],
552 verbose audit error     via: [ 'kunlun15.cn5220[,404666]' ],
552 verbose audit error     'timing-allow-origin': [ '*' ],
552 verbose audit error     eagleid: [ '77bcaca317465219755164679e' ],
552 verbose audit error     'x-fetch-attempts': [ '1' ]
552 verbose audit error   },
552 verbose audit error   statusCode: 404,
552 verbose audit error   code: 'E404',
552 verbose audit error   method: 'POST',
552 verbose audit error   uri: 'https://registry.npmmirror.com/-/npm/v1/security/audits/quick',
552 verbose audit error   body: {
552 verbose audit error     error: '[NOT_IMPLEMENTED] /-/npm/v1/security/* not implemented yet'
552 verbose audit error   },
552 verbose audit error   pkgid: undefined
552 verbose audit error }
553 silly audit error [object Object]
554 silly audit report null
555 http fetch GET 200 https://cdn.npmmirror.com/packages/get-proto/1.0.1/get-proto-1.0.1.tgz 376ms (cache miss)
556 http fetch GET 200 https://cdn.npmmirror.com/packages/es-object-atoms/1.1.1/es-object-atoms-1.1.1.tgz 377ms (cache miss)
557 http fetch GET 200 https://cdn.npmmirror.com/packages/call-bind-apply-helpers/1.0.2/call-bind-apply-helpers-1.0.2.tgz 382ms (cache miss)
558 http fetch GET 200 https://cdn.npmmirror.com/packages/math-intrinsics/1.1.0/math-intrinsics-1.1.0.tgz 387ms (cache miss)
559 http fetch GET 200 https://cdn.npmmirror.com/packages/media-typer/0.3.0/media-typer-0.3.0.tgz 388ms (cache miss)
560 http fetch GET 200 https://cdn.npmmirror.com/packages/hasown/2.0.2/hasown-2.0.2.tgz 388ms (cache miss)
561 http fetch GET 200 https://cdn.npmmirror.com/packages/gopd/1.2.0/gopd-1.2.0.tgz 394ms (cache miss)
562 http fetch GET 200 https://cdn.npmmirror.com/packages/call-bound/1.0.4/call-bound-1.0.4.tgz 392ms (cache miss)
563 http fetch GET 200 https://cdn.npmmirror.com/packages/dunder-proto/1.0.1/dunder-proto-1.0.1.tgz 395ms (cache miss)
564 http fetch GET 200 https://cdn.npmmirror.com/packages/ms/2.0.0/ms-2.0.0.tgz 391ms (cache miss)
565 http fetch GET 200 https://cdn.npmmirror.com/packages/toidentifier/1.0.1/toidentifier-1.0.1.tgz 393ms (cache miss)
566 http fetch GET 200 https://cdn.npmmirror.com/packages/utils-merge/1.0.1/utils-merge-1.0.1.tgz 390ms (cache miss)
567 http fetch GET 200 https://cdn.npmmirror.com/packages/function-bind/1.1.2/function-bind-1.1.2.tgz 400ms (cache miss)
568 http fetch GET 200 https://cdn.npmmirror.com/packages/forwarded/0.2.0/forwarded-0.2.0.tgz 400ms (cache miss)
569 http fetch GET 200 https://cdn.npmmirror.com/packages/raw-body/2.5.2/raw-body-2.5.2.tgz 398ms (cache miss)
570 http fetch GET 200 https://cdn.npmmirror.com/packages/type-is/1.6.18/type-is-1.6.18.tgz 400ms (cache miss)
571 http fetch GET 200 https://cdn.npmmirror.com/packages/ee-first/1.1.1/ee-first-1.1.1.tgz 408ms (cache miss)
572 http fetch GET 200 https://cdn.npmmirror.com/packages/inherits/2.0.4/inherits-2.0.4.tgz 408ms (cache miss)
573 http fetch GET 200 https://cdn.npmmirror.com/packages/unpipe/1.0.0/unpipe-1.0.0.tgz 412ms (cache miss)
574 http fetch GET 200 https://cdn.npmmirror.com/packages/destroy/1.2.0/destroy-1.2.0.tgz 412ms (cache miss)
575 http fetch GET 200 https://cdn.npmmirror.com/packages/mime-types/2.1.35/mime-types-2.1.35.tgz 414ms (cache miss)
576 http fetch GET 200 https://cdn.npmmirror.com/packages/setprototypeof/1.2.0/setprototypeof-1.2.0.tgz 412ms (cache miss)
577 http fetch GET 200 https://cdn.npmmirror.com/packages/bytes/3.1.2/bytes-3.1.2.tgz 419ms (cache miss)
578 http fetch GET 200 https://cdn.npmmirror.com/packages/statuses/2.0.1/statuses-2.0.1.tgz 419ms (cache miss)
579 http fetch GET 200 https://cdn.npmmirror.com/packages/methods/1.1.2/methods-1.1.2.tgz 424ms (cache miss)
580 http fetch GET 200 https://cdn.npmmirror.com/packages/safe-buffer/5.2.1/safe-buffer-5.2.1.tgz 427ms (cache miss)
581 http fetch GET 200 https://cdn.npmmirror.com/packages/range-parser/1.2.1/range-parser-1.2.1.tgz 428ms (cache miss)
582 http fetch GET 200 https://cdn.npmmirror.com/packages/proxy-addr/2.0.7/proxy-addr-2.0.7.tgz 434ms (cache miss)
583 http fetch GET 200 https://cdn.npmmirror.com/packages/path-to-regexp/0.1.12/path-to-regexp-0.1.12.tgz 437ms (cache miss)
584 http fetch GET 200 https://cdn.npmmirror.com/packages/ipaddr.js/1.9.1/ipaddr.js-1.9.1.tgz 446ms (cache miss)
585 http fetch GET 200 https://cdn.npmmirror.com/packages/parseurl/1.3.3/parseurl-1.3.3.tgz 439ms (cache miss)
586 http fetch GET 200 https://cdn.npmmirror.com/packages/on-finished/2.4.1/on-finished-2.4.1.tgz 441ms (cache miss)
587 http fetch GET 200 https://cdn.npmmirror.com/packages/encodeurl/2.0.0/encodeurl-2.0.0.tgz 442ms (cache miss)
588 http fetch GET 200 https://cdn.npmmirror.com/packages/escape-html/1.0.3/escape-html-1.0.3.tgz 449ms (cache miss)
589 http fetch GET 200 https://cdn.npmmirror.com/packages/merge-descriptors/1.0.3/merge-descriptors-1.0.3.tgz 450ms (cache miss)
590 http fetch GET 200 https://cdn.npmmirror.com/packages/fresh/0.5.2/fresh-0.5.2.tgz 450ms (cache miss)
591 http fetch GET 200 https://cdn.npmmirror.com/packages/serve-static/1.16.2/serve-static-1.16.2.tgz 454ms (cache miss)
592 http fetch GET 200 https://cdn.npmmirror.com/packages/send/0.19.0/send-0.19.0.tgz 457ms (cache miss)
593 http fetch GET 200 https://cdn.npmmirror.com/packages/finalhandler/1.3.1/finalhandler-1.3.1.tgz 458ms (cache miss)
594 http fetch GET 200 https://cdn.npmmirror.com/packages/etag/1.8.1/etag-1.8.1.tgz 462ms (cache miss)
595 http fetch GET 200 https://cdn.npmmirror.com/packages/safer-buffer/2.1.2/safer-buffer-2.1.2.tgz 472ms (cache miss)
596 http fetch GET 200 https://cdn.npmmirror.com/packages/cookie-signature/1.0.6/cookie-signature-1.0.6.tgz 466ms (cache miss)
597 http fetch GET 200 https://cdn.npmmirror.com/packages/object-assign/4.1.1/object-assign-4.1.1.tgz 470ms (cache miss)
598 http fetch GET 200 https://cdn.npmmirror.com/packages/http-errors/2.0.0/http-errors-2.0.0.tgz 475ms (cache miss)
599 http fetch GET 200 https://cdn.npmmirror.com/packages/accepts/1.3.8/accepts-1.3.8.tgz 475ms (cache miss)
600 http fetch GET 200 https://cdn.npmmirror.com/packages/content-disposition/0.5.4/content-disposition-0.5.4.tgz 475ms (cache miss)
601 http fetch GET 200 https://cdn.npmmirror.com/packages/content-type/1.0.5/content-type-1.0.5.tgz 477ms (cache miss)
602 http fetch GET 200 https://cdn.npmmirror.com/packages/array-flatten/1.1.1/array-flatten-1.1.1.tgz 477ms (cache miss)
603 http fetch GET 200 https://cdn.npmmirror.com/packages/cors/2.8.5/cors-2.8.5.tgz 479ms (cache miss)
604 http fetch GET 200 https://cdn.npmmirror.com/packages/cookie/0.7.1/cookie-0.7.1.tgz 482ms (cache miss)
605 http fetch GET 200 https://cdn.npmmirror.com/packages/mime-db/1.52.0/mime-db-1.52.0.tgz 493ms (cache miss)
606 http fetch GET 200 https://cdn.npmmirror.com/packages/depd/2.0.0/depd-2.0.0.tgz 487ms (cache miss)
607 http fetch GET 200 https://cdn.npmmirror.com/packages/encodeurl/1.0.2/encodeurl-1.0.2.tgz 488ms (cache miss)
608 http fetch GET 200 https://cdn.npmmirror.com/packages/get-intrinsic/1.3.0/get-intrinsic-1.3.0.tgz 505ms (cache miss)
609 http fetch GET 200 https://cdn.npmmirror.com/packages/negotiator/0.6.3/negotiator-0.6.3.tgz 499ms (cache miss)
610 http fetch GET 200 https://cdn.npmmirror.com/packages/ms/2.1.3/ms-2.1.3.tgz 490ms (cache miss)
611 http fetch GET 200 https://cdn.npmmirror.com/packages/vary/1.1.2/vary-1.1.2.tgz 498ms (cache miss)
612 http fetch GET 200 https://cdn.npmmirror.com/packages/mime/1.6.0/mime-1.6.0.tgz 509ms (cache miss)
613 http fetch GET 200 https://cdn.npmmirror.com/packages/es-define-property/1.0.1/es-define-property-1.0.1.tgz 513ms (cache miss)
614 http fetch GET 200 https://cdn.npmmirror.com/packages/side-channel-map/1.0.1/side-channel-map-1.0.1.tgz 518ms (cache miss)
615 http fetch GET 200 https://cdn.npmmirror.com/packages/side-channel/1.1.0/side-channel-1.1.0.tgz 518ms (cache miss)
616 http fetch GET 200 https://cdn.npmmirror.com/packages/side-channel-list/1.0.0/side-channel-list-1.0.0.tgz 521ms (cache miss)
617 http fetch GET 200 https://cdn.npmmirror.com/packages/body-parser/1.20.3/body-parser-1.20.3.tgz 523ms (cache miss)
618 http fetch GET 200 https://cdn.npmmirror.com/packages/side-channel-weakmap/1.0.2/side-channel-weakmap-1.0.2.tgz 533ms (cache miss)
619 http fetch GET 200 https://cdn.npmmirror.com/packages/has-symbols/1.1.0/has-symbols-1.1.0.tgz 534ms (cache miss)
620 http fetch GET 200 https://cdn.npmmirror.com/packages/es-errors/1.3.0/es-errors-1.3.0.tgz 544ms (cache miss)
621 http fetch GET 200 https://cdn.npmmirror.com/packages/debug/2.6.9/debug-2.6.9.tgz 535ms (cache miss)
622 http fetch GET 200 https://cdn.npmmirror.com/packages/qs/6.13.0/qs-6.13.0.tgz 541ms (cache miss)
623 http fetch GET 200 https://cdn.npmmirror.com/packages/express/4.21.2/express-4.21.2.tgz 544ms (cache miss)
624 http fetch GET 200 https://cdn.npmmirror.com/packages/object-inspect/1.13.4/object-inspect-1.13.4.tgz 560ms (cache miss)
625 http fetch GET 200 https://cdn.npmmirror.com/packages/iconv-lite/0.4.24/iconv-lite-0.4.24.tgz 556ms (cache miss)
626 silly ADD node_modules/media-typer
627 silly ADD node_modules/dunder-proto
628 silly ADD node_modules/math-intrinsics
629 silly ADD node_modules/hasown
630 silly ADD node_modules/has-symbols
631 silly ADD node_modules/gopd
632 silly ADD node_modules/get-proto
633 silly ADD node_modules/es-object-atoms
634 silly ADD node_modules/es-define-property
635 silly ADD node_modules/function-bind
636 silly ADD node_modules/call-bind-apply-helpers
637 silly ADD node_modules/get-intrinsic
638 silly ADD node_modules/call-bound
639 silly ADD node_modules/side-channel-weakmap
640 silly ADD node_modules/side-channel-map
641 silly ADD node_modules/side-channel-list
642 silly ADD node_modules/object-inspect
643 silly ADD node_modules/es-errors
644 silly ADD node_modules/mime
645 silly ADD node_modules/side-channel
646 silly ADD node_modules/ipaddr.js
647 silly ADD node_modules/forwarded
648 silly ADD node_modules/ee-first
649 silly ADD node_modules/mime-db
650 silly ADD node_modules/safer-buffer
651 silly ADD node_modules/toidentifier
652 silly ADD node_modules/inherits
653 silly ADD node_modules/ms
654 silly ADD node_modules/unpipe
655 silly ADD node_modules/raw-body
656 silly ADD node_modules/iconv-lite
657 silly ADD node_modules/destroy
658 silly ADD node_modules/bytes
659 silly ADD node_modules/negotiator
660 silly ADD node_modules/mime-types
661 silly ADD node_modules/utils-merge
662 silly ADD node_modules/type-is
663 silly ADD node_modules/statuses
664 silly ADD node_modules/setprototypeof
665 silly ADD node_modules/serve-static
666 silly ADD node_modules/send
667 silly ADD node_modules/send/node_modules/ms
668 silly ADD node_modules/send/node_modules/encodeurl
669 silly ADD node_modules/safe-buffer
670 silly ADD node_modules/range-parser
671 silly ADD node_modules/qs
672 silly ADD node_modules/proxy-addr
673 silly ADD node_modules/path-to-regexp
674 silly ADD node_modules/parseurl
675 silly ADD node_modules/on-finished
676 silly ADD node_modules/methods
677 silly ADD node_modules/merge-descriptors
678 silly ADD node_modules/http-errors
679 silly ADD node_modules/fresh
680 silly ADD node_modules/finalhandler
681 silly ADD node_modules/etag
682 silly ADD node_modules/escape-html
683 silly ADD node_modules/encodeurl
684 silly ADD node_modules/depd
685 silly ADD node_modules/debug
686 silly ADD node_modules/cookie-signature
687 silly ADD node_modules/cookie
688 silly ADD node_modules/content-type
689 silly ADD node_modules/content-disposition
690 silly ADD node_modules/body-parser
691 silly ADD node_modules/array-flatten
692 silly ADD node_modules/accepts
693 silly ADD node_modules/vary
694 silly ADD node_modules/object-assign
695 silly ADD node_modules/express
696 silly ADD node_modules/cors
697 verbose cwd C:\Users\17870\Desktop\travelLogue\server
698 verbose os Windows_NT 10.0.26100
699 verbose node v22.14.0
700 verbose npm  v10.9.2
701 notice
701 notice New [31mmajor[39m version of npm available! [31m10.9.2[39m -> [34m11.3.0[39m
701 notice Changelog: [34mhttps://github.com/npm/cli/releases/tag/v11.3.0[39m
701 notice To update run: [4mnpm install -g npm@11.3.0[24m
701 notice  { force: true, [Symbol(proc-log.meta)]: true }
702 verbose exit 0
703 info ok
