0 verbose cli C:\Users\17870\nodejs\node.exe C:\Users\17870\nodejs\node_modules\npm\bin\npm-cli.js
1 info using npm@10.9.2
2 info using node@v22.14.0
3 silly config load:file:C:\Users\17870\nodejs\node_modules\npm\npmrc
4 silly config load:file:C:\Users\17870\Desktop\travelLogue\server\.npmrc
5 silly config load:file:C:\Users\17870\.npmrc
6 silly config load:file:C:\Users\17870\Desktop\travelLogue\server\node_global\etc\npmrc
7 verbose title npm install multer
8 verbose argv "install" "multer"
9 verbose logfile logs-max:10 dir:C:\Users\17870\Desktop\travelLogue\server\node_cache\_logs\2025-05-12T02_51_28_553Z-
10 verbose logfile C:\Users\17870\Desktop\travelLogue\server\node_cache\_logs\2025-05-12T02_51_28_553Z-debug-0.log
11 silly logfile start cleaning logs, removing 1 files
12 silly packumentCache heap:4345298944 maxSize:1086324736 maxEntrySize:543162368
13 silly logfile done cleaning log files
14 silly idealTree buildDeps
15 silly fetch manifest multer@*
16 silly packumentCache full:https://registry.npmmirror.com/multer cache-miss
17 verbose shrinkwrap failed to load node_modules/.package-lock.json out of date, updated: node_modules
18 http fetch GET 200 https://registry.npmmirror.com/multer 211ms (cache miss)
19 silly packumentCache full:https://registry.npmmirror.com/multer set size:23832 disposed:false
20 silly placeDep ROOT multer@1.4.5-lts.2 OK for: travelogue-server@1.0.0 want: *
21 silly fetch manifest append-field@^1.0.0
22 silly packumentCache full:https://registry.npmmirror.com/append-field cache-miss
23 silly fetch manifest busboy@^1.0.0
24 silly packumentCache full:https://registry.npmmirror.com/busboy cache-miss
25 silly fetch manifest concat-stream@^1.5.2
26 silly packumentCache full:https://registry.npmmirror.com/concat-stream cache-miss
27 silly fetch manifest mkdirp@^0.5.4
28 silly packumentCache full:https://registry.npmmirror.com/mkdirp cache-miss
29 silly fetch manifest xtend@^4.0.0
30 silly packumentCache full:https://registry.npmmirror.com/xtend cache-miss
31 http fetch GET 200 https://registry.npmmirror.com/append-field 45ms (cache miss)
32 silly packumentCache full:https://registry.npmmirror.com/append-field set size:2267 disposed:false
33 http fetch GET 200 https://registry.npmmirror.com/xtend 128ms (cache miss)
34 silly packumentCache full:https://registry.npmmirror.com/xtend set size:5032 disposed:false
35 http fetch GET 200 https://registry.npmmirror.com/mkdirp 143ms (cache miss)
36 silly packumentCache full:https://registry.npmmirror.com/mkdirp set size:23347 disposed:false
37 http fetch GET 200 https://registry.npmmirror.com/busboy 145ms (cache miss)
38 silly packumentCache full:https://registry.npmmirror.com/busboy set size:17698 disposed:false
39 http fetch GET 200 https://registry.npmmirror.com/concat-stream 150ms (cache miss)
40 silly packumentCache full:https://registry.npmmirror.com/concat-stream set size:11207 disposed:false
41 silly placeDep ROOT append-field@1.0.0 OK for: multer@1.4.5-lts.2 want: ^1.0.0
42 silly placeDep ROOT busboy@1.6.0 OK for: multer@1.4.5-lts.2 want: ^1.0.0
43 silly placeDep ROOT concat-stream@1.6.2 OK for: multer@1.4.5-lts.2 want: ^1.5.2
44 silly placeDep ROOT mkdirp@0.5.6 OK for: multer@1.4.5-lts.2 want: ^0.5.4
45 silly placeDep ROOT xtend@4.0.2 OK for: multer@1.4.5-lts.2 want: ^4.0.0
46 silly fetch manifest streamsearch@^1.1.0
47 silly packumentCache full:https://registry.npmmirror.com/streamsearch cache-miss
48 silly fetch manifest buffer-from@^1.0.0
49 silly packumentCache full:https://registry.npmmirror.com/buffer-from cache-miss
50 silly fetch manifest readable-stream@^2.2.2
51 silly packumentCache full:https://registry.npmmirror.com/readable-stream cache-miss
52 silly fetch manifest typedarray@^0.0.6
53 silly packumentCache full:https://registry.npmmirror.com/typedarray cache-miss
54 silly fetch manifest minimist@^1.2.6
55 silly packumentCache full:https://registry.npmmirror.com/minimist cache-miss
56 http fetch GET 200 https://registry.npmmirror.com/streamsearch 43ms (cache miss)
57 silly packumentCache full:https://registry.npmmirror.com/streamsearch set size:4871 disposed:false
58 http fetch GET 200 https://registry.npmmirror.com/buffer-from 43ms (cache miss)
59 silly packumentCache full:https://registry.npmmirror.com/buffer-from set size:3455 disposed:false
60 http fetch GET 200 https://registry.npmmirror.com/typedarray 44ms (cache miss)
61 silly packumentCache full:https://registry.npmmirror.com/typedarray set size:4959 disposed:false
62 http fetch GET 200 https://registry.npmmirror.com/minimist 48ms (cache miss)
63 silly packumentCache full:https://registry.npmmirror.com/minimist set size:15091 disposed:false
64 http fetch GET 200 https://registry.npmmirror.com/readable-stream 60ms (cache miss)
65 silly packumentCache full:https://registry.npmmirror.com/readable-stream set size:40678 disposed:false
66 silly placeDep ROOT streamsearch@1.1.0 OK for: busboy@1.6.0 want: ^1.1.0
67 silly placeDep ROOT buffer-from@1.1.2 OK for: concat-stream@1.6.2 want: ^1.0.0
68 silly placeDep ROOT readable-stream@2.3.8 OK for: concat-stream@1.6.2 want: ^2.2.2
69 silly placeDep ROOT typedarray@0.0.6 OK for: concat-stream@1.6.2 want: ^0.0.6
70 silly fetch manifest core-util-is@~1.0.0
71 silly packumentCache full:https://registry.npmmirror.com/core-util-is cache-miss
72 silly fetch manifest isarray@~1.0.0
73 silly packumentCache full:https://registry.npmmirror.com/isarray cache-miss
74 silly fetch manifest process-nextick-args@~2.0.0
75 silly packumentCache full:https://registry.npmmirror.com/process-nextick-args cache-miss
76 silly fetch manifest safe-buffer@~5.1.1
77 silly packumentCache full:https://registry.npmmirror.com/safe-buffer cache-miss
78 silly fetch manifest string_decoder@~1.1.1
79 silly packumentCache full:https://registry.npmmirror.com/string_decoder cache-miss
80 silly fetch manifest util-deprecate@~1.0.1
81 silly packumentCache full:https://registry.npmmirror.com/util-deprecate cache-miss
82 http fetch GET 200 https://registry.npmmirror.com/util-deprecate 40ms (cache miss)
83 silly packumentCache full:https://registry.npmmirror.com/util-deprecate set size:2289 disposed:false
84 http fetch GET 200 https://registry.npmmirror.com/string_decoder 40ms (cache miss)
85 silly packumentCache full:https://registry.npmmirror.com/string_decoder set size:5759 disposed:false
86 http fetch GET 200 https://registry.npmmirror.com/isarray 42ms (cache miss)
87 silly packumentCache full:https://registry.npmmirror.com/isarray set size:3703 disposed:false
88 http fetch GET 200 https://registry.npmmirror.com/process-nextick-args 103ms (cache miss)
89 silly packumentCache full:https://registry.npmmirror.com/process-nextick-args set size:3341 disposed:false
90 http fetch GET 200 https://registry.npmmirror.com/core-util-is 104ms (cache miss)
91 silly packumentCache full:https://registry.npmmirror.com/core-util-is set size:1796 disposed:false
92 http fetch GET 200 https://registry.npmmirror.com/safe-buffer 122ms (cache revalidated)
93 silly packumentCache full:https://registry.npmmirror.com/safe-buffer set size:38090 disposed:false
94 silly placeDep ROOT minimist@1.2.8 OK for: mkdirp@0.5.6 want: ^1.2.6
95 silly placeDep ROOT core-util-is@1.0.3 OK for: readable-stream@2.3.8 want: ~1.0.0
96 silly placeDep ROOT isarray@1.0.0 OK for: readable-stream@2.3.8 want: ~1.0.0
97 silly placeDep ROOT process-nextick-args@2.0.1 OK for: readable-stream@2.3.8 want: ~2.0.0
98 silly placeDep node_modules/readable-stream safe-buffer@5.1.2 OK for: readable-stream@2.3.8 want: ~5.1.1
99 silly placeDep ROOT string_decoder@1.1.1 OK for: readable-stream@2.3.8 want: ~1.1.1
100 silly placeDep ROOT util-deprecate@1.0.2 OK for: readable-stream@2.3.8 want: ~1.0.1
101 silly fetch manifest safe-buffer@~5.1.0
102 silly packumentCache full:https://registry.npmmirror.com/safe-buffer cache-hit
103 silly placeDep node_modules/string_decoder safe-buffer@5.1.2 OK for: string_decoder@1.1.1 want: ~5.1.0
104 silly reify moves {}
105 silly audit bulk request {
105 silly audit   accepts: [ '1.3.8' ],
105 silly audit   'array-flatten': [ '1.1.1' ],
105 silly audit   bcryptjs: [ '2.4.3' ],
105 silly audit   'body-parser': [ '1.20.3' ],
105 silly audit   'buffer-equal-constant-time': [ '1.0.1' ],
105 silly audit   bytes: [ '3.1.2' ],
105 silly audit   'call-bind-apply-helpers': [ '1.0.2' ],
105 silly audit   'call-bound': [ '1.0.4' ],
105 silly audit   'content-disposition': [ '0.5.4' ],
105 silly audit   'content-type': [ '1.0.5' ],
105 silly audit   cookie: [ '0.7.1', '0.7.2' ],
105 silly audit   'cookie-parser': [ '1.4.7' ],
105 silly audit   'cookie-signature': [ '1.0.6' ],
105 silly audit   cors: [ '2.8.5' ],
105 silly audit   debug: [ '2.6.9' ],
105 silly audit   depd: [ '2.0.0' ],
105 silly audit   destroy: [ '1.2.0' ],
105 silly audit   'dunder-proto': [ '1.0.1' ],
105 silly audit   'ecdsa-sig-formatter': [ '1.0.11' ],
105 silly audit   'ee-first': [ '1.1.1' ],
105 silly audit   encodeurl: [ '2.0.0', '1.0.2' ],
105 silly audit   'es-define-property': [ '1.0.1' ],
105 silly audit   'es-errors': [ '1.3.0' ],
105 silly audit   'es-object-atoms': [ '1.1.1' ],
105 silly audit   'escape-html': [ '1.0.3' ],
105 silly audit   etag: [ '1.8.1' ],
105 silly audit   express: [ '4.21.2' ],
105 silly audit   finalhandler: [ '1.3.1' ],
105 silly audit   forwarded: [ '0.2.0' ],
105 silly audit   fresh: [ '0.5.2' ],
105 silly audit   'function-bind': [ '1.1.2' ],
105 silly audit   'get-intrinsic': [ '1.3.0' ],
105 silly audit   'get-proto': [ '1.0.1' ],
105 silly audit   gopd: [ '1.2.0' ],
105 silly audit   'has-symbols': [ '1.1.0' ],
105 silly audit   hasown: [ '2.0.2' ],
105 silly audit   'http-errors': [ '2.0.0' ],
105 silly audit   'iconv-lite': [ '0.4.24' ],
105 silly audit   inherits: [ '2.0.4' ],
105 silly audit   'ipaddr.js': [ '1.9.1' ],
105 silly audit   jsonwebtoken: [ '9.0.2' ],
105 silly audit   ms: [ '2.1.3', '2.0.0' ],
105 silly audit   jwa: [ '1.4.2' ],
105 silly audit   jws: [ '3.2.2' ],
105 silly audit   'lodash.includes': [ '4.3.0' ],
105 silly audit   'lodash.isboolean': [ '3.0.3' ],
105 silly audit   'lodash.isinteger': [ '4.0.4' ],
105 silly audit   'lodash.isnumber': [ '3.0.3' ],
105 silly audit   'lodash.isplainobject': [ '4.0.6' ],
105 silly audit   'lodash.isstring': [ '4.0.1' ],
105 silly audit   'lodash.once': [ '4.1.1' ],
105 silly audit   'math-intrinsics': [ '1.1.0' ],
105 silly audit   'media-typer': [ '0.3.0' ],
105 silly audit   'merge-descriptors': [ '1.0.3' ],
105 silly audit   methods: [ '1.1.2' ],
105 silly audit   mime: [ '1.6.0' ],
105 silly audit   'mime-db': [ '1.52.0' ],
105 silly audit   'mime-types': [ '2.1.35' ],
105 silly audit   negotiator: [ '0.6.3' ],
105 silly audit   'object-assign': [ '4.1.1' ],
105 silly audit   'object-inspect': [ '1.13.4' ],
105 silly audit   'on-finished': [ '2.4.1' ],
105 silly audit   parseurl: [ '1.3.3' ],
105 silly audit   'path-to-regexp': [ '0.1.12' ],
105 silly audit   'proxy-addr': [ '2.0.7' ],
105 silly audit   qs: [ '6.13.0' ],
105 silly audit   'range-parser': [ '1.2.1' ],
105 silly audit   'raw-body': [ '2.5.2' ],
105 silly audit   'safe-buffer': [ '5.2.1', '5.1.2' ],
105 silly audit   'safer-buffer': [ '2.1.2' ],
105 silly audit   semver: [ '7.7.1' ],
105 silly audit   send: [ '0.19.0' ],
105 silly audit   'serve-static': [ '1.16.2' ],
105 silly audit   setprototypeof: [ '1.2.0' ],
105 silly audit   'side-channel': [ '1.1.0' ],
105 silly audit   'side-channel-list': [ '1.0.0' ],
105 silly audit   'side-channel-map': [ '1.0.1' ],
105 silly audit   'side-channel-weakmap': [ '1.0.2' ],
105 silly audit   statuses: [ '2.0.1' ],
105 silly audit   toidentifier: [ '1.0.1' ],
105 silly audit   'type-is': [ '1.6.18' ],
105 silly audit   unpipe: [ '1.0.0' ],
105 silly audit   'utils-merge': [ '1.0.1' ],
105 silly audit   vary: [ '1.1.2' ],
105 silly audit   multer: [ '1.4.5-lts.2' ],
105 silly audit   'append-field': [ '1.0.0' ],
105 silly audit   busboy: [ '1.6.0' ],
105 silly audit   'concat-stream': [ '1.6.2' ],
105 silly audit   mkdirp: [ '0.5.6' ],
105 silly audit   xtend: [ '4.0.2' ],
105 silly audit   streamsearch: [ '1.1.0' ],
105 silly audit   'buffer-from': [ '1.1.2' ],
105 silly audit   'readable-stream': [ '2.3.8' ],
105 silly audit   typedarray: [ '0.0.6' ],
105 silly audit   minimist: [ '1.2.8' ],
105 silly audit   'core-util-is': [ '1.0.3' ],
105 silly audit   isarray: [ '1.0.0' ],
105 silly audit   'process-nextick-args': [ '2.0.1' ],
105 silly audit   string_decoder: [ '1.1.1' ],
105 silly audit   'util-deprecate': [ '1.0.2' ]
105 silly audit }
106 http cache string_decoder@https://registry.npmmirror.com/string_decoder/-/string_decoder-1.1.1.tgz 0ms (cache hit)
107 http cache util-deprecate@https://registry.npmmirror.com/util-deprecate/-/util-deprecate-1.0.2.tgz 0ms (cache hit)
108 http cache process-nextick-args@https://registry.npmmirror.com/process-nextick-args/-/process-nextick-args-2.0.1.tgz 0ms (cache hit)
109 http cache isarray@https://registry.npmmirror.com/isarray/-/isarray-1.0.0.tgz 0ms (cache hit)
110 http cache core-util-is@https://registry.npmmirror.com/core-util-is/-/core-util-is-1.0.3.tgz 0ms (cache hit)
111 http cache minimist@https://registry.npmmirror.com/minimist/-/minimist-1.2.8.tgz 0ms (cache hit)
112 http cache typedarray@https://registry.npmmirror.com/typedarray/-/typedarray-0.0.6.tgz 0ms (cache hit)
113 http cache readable-stream@https://registry.npmmirror.com/readable-stream/-/readable-stream-2.3.8.tgz 0ms (cache hit)
114 http cache buffer-from@https://registry.npmmirror.com/buffer-from/-/buffer-from-1.1.2.tgz 0ms (cache hit)
115 http cache streamsearch@https://registry.npmmirror.com/streamsearch/-/streamsearch-1.1.0.tgz 0ms (cache hit)
116 http cache xtend@https://registry.npmmirror.com/xtend/-/xtend-4.0.2.tgz 0ms (cache hit)
117 http cache mkdirp@https://registry.npmmirror.com/mkdirp/-/mkdirp-0.5.6.tgz 0ms (cache hit)
118 http cache concat-stream@https://registry.npmmirror.com/concat-stream/-/concat-stream-1.6.2.tgz 0ms (cache hit)
119 http cache multer@https://registry.npmmirror.com/multer/-/multer-1.4.5-lts.2.tgz 0ms (cache hit)
120 http cache append-field@https://registry.npmmirror.com/append-field/-/append-field-1.0.0.tgz 0ms (cache hit)
121 http cache safe-buffer@https://registry.npmmirror.com/safe-buffer/-/safe-buffer-5.1.2.tgz 0ms (cache hit)
122 http cache busboy@https://registry.npmmirror.com/busboy/-/busboy-1.6.0.tgz 0ms (cache hit)
123 silly tarball no local data for string_decoder@https://registry.npmmirror.com/string_decoder/-/string_decoder-1.1.1.tgz. Extracting by manifest.
124 http cache safe-buffer@https://registry.npmmirror.com/safe-buffer/-/safe-buffer-5.1.2.tgz 0ms (cache hit)
125 silly tarball no local data for util-deprecate@https://registry.npmmirror.com/util-deprecate/-/util-deprecate-1.0.2.tgz. Extracting by manifest.
126 silly tarball no local data for process-nextick-args@https://registry.npmmirror.com/process-nextick-args/-/process-nextick-args-2.0.1.tgz. Extracting by manifest.
127 silly tarball no local data for isarray@https://registry.npmmirror.com/isarray/-/isarray-1.0.0.tgz. Extracting by manifest.
128 silly tarball no local data for core-util-is@https://registry.npmmirror.com/core-util-is/-/core-util-is-1.0.3.tgz. Extracting by manifest.
129 silly tarball no local data for minimist@https://registry.npmmirror.com/minimist/-/minimist-1.2.8.tgz. Extracting by manifest.
130 silly tarball no local data for typedarray@https://registry.npmmirror.com/typedarray/-/typedarray-0.0.6.tgz. Extracting by manifest.
131 silly tarball no local data for readable-stream@https://registry.npmmirror.com/readable-stream/-/readable-stream-2.3.8.tgz. Extracting by manifest.
132 silly tarball no local data for buffer-from@https://registry.npmmirror.com/buffer-from/-/buffer-from-1.1.2.tgz. Extracting by manifest.
133 silly tarball no local data for streamsearch@https://registry.npmmirror.com/streamsearch/-/streamsearch-1.1.0.tgz. Extracting by manifest.
134 silly tarball no local data for xtend@https://registry.npmmirror.com/xtend/-/xtend-4.0.2.tgz. Extracting by manifest.
135 silly tarball no local data for mkdirp@https://registry.npmmirror.com/mkdirp/-/mkdirp-0.5.6.tgz. Extracting by manifest.
136 silly tarball no local data for concat-stream@https://registry.npmmirror.com/concat-stream/-/concat-stream-1.6.2.tgz. Extracting by manifest.
137 silly tarball no local data for multer@https://registry.npmmirror.com/multer/-/multer-1.4.5-lts.2.tgz. Extracting by manifest.
138 silly tarball no local data for append-field@https://registry.npmmirror.com/append-field/-/append-field-1.0.0.tgz. Extracting by manifest.
139 silly tarball no local data for safe-buffer@https://registry.npmmirror.com/safe-buffer/-/safe-buffer-5.1.2.tgz. Extracting by manifest.
140 silly tarball no local data for busboy@https://registry.npmmirror.com/busboy/-/busboy-1.6.0.tgz. Extracting by manifest.
141 silly tarball no local data for safe-buffer@https://registry.npmmirror.com/safe-buffer/-/safe-buffer-5.1.2.tgz. Extracting by manifest.
142 http fetch POST 404 https://registry.npmmirror.com/-/npm/v1/security/advisories/bulk 33ms
143 silly audit bulk request failed [object Object]
144 http fetch POST 404 https://registry.npmmirror.com/-/npm/v1/security/audits/quick 58ms
145 verbose audit error HttpErrorGeneral: 404 Not Found - POST https://registry.npmmirror.com/-/npm/v1/security/audits/quick - [NOT_IMPLEMENTED] /-/npm/v1/security/* not implemented yet
145 verbose audit error     at C:\Users\17870\nodejs\node_modules\npm\node_modules\npm-registry-fetch\lib\check-response.js:103:15
145 verbose audit error     at process.processTicksAndRejections (node:internal/process/task_queues:105:5)
145 verbose audit error     at async [getReport] (C:\Users\17870\nodejs\node_modules\npm\node_modules\@npmcli\arborist\lib\audit-report.js:336:21)
145 verbose audit error     at async AuditReport.run (C:\Users\17870\nodejs\node_modules\npm\node_modules\@npmcli\arborist\lib\audit-report.js:106:19) {
145 verbose audit error   headers: [Object: null prototype] {
145 verbose audit error     server: [ 'Tengine' ],
145 verbose audit error     date: [ 'Mon, 12 May 2025 02:51:29 GMT' ],
145 verbose audit error     'content-type': [ 'application/json' ],
145 verbose audit error     'transfer-encoding': [ 'chunked' ],
145 verbose audit error     connection: [ 'keep-alive' ],
145 verbose audit error     'strict-transport-security': [ 'max-age=5184000' ],
145 verbose audit error     via: [ 'kunlun9.cn5220[,404666]' ],
145 verbose audit error     'timing-allow-origin': [ '*' ],
145 verbose audit error     eagleid: [ '77bcac9d17470182899626938e' ],
145 verbose audit error     'x-fetch-attempts': [ '1' ]
145 verbose audit error   },
145 verbose audit error   statusCode: 404,
145 verbose audit error   code: 'E404',
145 verbose audit error   method: 'POST',
145 verbose audit error   uri: 'https://registry.npmmirror.com/-/npm/v1/security/audits/quick',
145 verbose audit error   body: {
145 verbose audit error     error: '[NOT_IMPLEMENTED] /-/npm/v1/security/* not implemented yet'
145 verbose audit error   },
145 verbose audit error   pkgid: undefined
145 verbose audit error }
146 silly audit error [object Object]
147 silly audit report null
148 http fetch GET 200 https://cdn.npmmirror.com/packages/core-util-is/1.0.3/core-util-is-1.0.3.tgz 213ms (cache miss)
149 http fetch GET 200 https://cdn.npmmirror.com/packages/process-nextick-args/2.0.1/process-nextick-args-2.0.1.tgz 217ms (cache miss)
150 http fetch GET 200 https://cdn.npmmirror.com/packages/isarray/1.0.0/isarray-1.0.0.tgz 220ms (cache miss)
151 http fetch GET 200 https://cdn.npmmirror.com/packages/util-deprecate/1.0.2/util-deprecate-1.0.2.tgz 224ms (cache miss)
152 http fetch GET 200 https://cdn.npmmirror.com/packages/string_decoder/1.1.1/string_decoder-1.1.1.tgz 225ms (cache miss)
153 http fetch GET 200 https://cdn.npmmirror.com/packages/mkdirp/0.5.6/mkdirp-0.5.6.tgz 227ms (cache miss)
154 http fetch GET 200 https://cdn.npmmirror.com/packages/append-field/1.0.0/append-field-1.0.0.tgz 232ms (cache miss)
155 http fetch GET 200 https://cdn.npmmirror.com/packages/buffer-from/1.1.2/buffer-from-1.1.2.tgz 242ms (cache miss)
156 http fetch GET 200 https://cdn.npmmirror.com/packages/concat-stream/1.6.2/concat-stream-1.6.2.tgz 242ms (cache miss)
157 http fetch GET 200 https://cdn.npmmirror.com/packages/typedarray/0.0.6/typedarray-0.0.6.tgz 244ms (cache miss)
158 http fetch GET 200 https://cdn.npmmirror.com/packages/streamsearch/1.1.0/streamsearch-1.1.0.tgz 247ms (cache miss)
159 http fetch GET 200 https://cdn.npmmirror.com/packages/multer/1.4.5-lts.2/multer-1.4.5-lts.2.tgz 247ms (cache miss)
160 http fetch GET 200 https://cdn.npmmirror.com/packages/xtend/4.0.2/xtend-4.0.2.tgz 310ms (cache miss)
161 http fetch GET 200 https://cdn.npmmirror.com/packages/safe-buffer/5.1.2/safe-buffer-5.1.2.tgz 310ms (cache miss)
162 http fetch GET 200 https://cdn.npmmirror.com/packages/safe-buffer/5.1.2/safe-buffer-5.1.2.tgz 316ms (cache miss)
163 http fetch GET 200 https://cdn.npmmirror.com/packages/minimist/1.2.8/minimist-1.2.8.tgz 327ms (cache miss)
164 http fetch GET 200 https://cdn.npmmirror.com/packages/busboy/1.6.0/busboy-1.6.0.tgz 326ms (cache miss)
165 http fetch GET 200 https://cdn.npmmirror.com/packages/readable-stream/2.3.8/readable-stream-2.3.8.tgz 360ms (cache miss)
166 silly ADD node_modules/util-deprecate
167 silly ADD node_modules/string_decoder
168 silly ADD node_modules/string_decoder/node_modules/safe-buffer
169 silly ADD node_modules/process-nextick-args
170 silly ADD node_modules/isarray
171 silly ADD node_modules/core-util-is
172 silly ADD node_modules/minimist
173 silly ADD node_modules/typedarray
174 silly ADD node_modules/readable-stream
175 silly ADD node_modules/readable-stream/node_modules/safe-buffer
176 silly ADD node_modules/buffer-from
177 silly ADD node_modules/streamsearch
178 silly ADD node_modules/xtend
179 silly ADD node_modules/mkdirp
180 silly ADD node_modules/concat-stream
181 silly ADD node_modules/busboy
182 silly ADD node_modules/append-field
183 silly ADD node_modules/multer
184 verbose cwd C:\Users\17870\Desktop\travelLogue\server
185 verbose os Windows_NT 10.0.26100
186 verbose node v22.14.0
187 verbose npm  v10.9.2
188 verbose exit 0
189 info ok
