0 verbose cli C:\Users\17870\nodejs\node.exe C:\Users\17870\nodejs\node_modules\npm\bin\npm-cli.js
1 info using npm@10.9.2
2 info using node@v22.14.0
3 silly config load:file:C:\Users\17870\nodejs\node_modules\npm\npmrc
4 silly config load:file:C:\Users\17870\Desktop\travelLogue\server\.npmrc
5 silly config load:file:C:\Users\17870\.npmrc
6 silly config load:file:C:\Users\17870\Desktop\travelLogue\server\node_global\etc\npmrc
7 verbose title npm install multer
8 verbose argv "install" "multer"
9 verbose logfile logs-max:10 dir:C:\Users\17870\Desktop\travelLogue\server\node_cache\_logs\2025-05-12T02_51_36_361Z-
10 verbose logfile C:\Users\17870\Desktop\travelLogue\server\node_cache\_logs\2025-05-12T02_51_36_361Z-debug-0.log
11 silly logfile start cleaning logs, removing 1 files
12 silly packumentCache heap:4345298944 maxSize:1086324736 maxEntrySize:543162368
13 silly logfile done cleaning log files
14 silly idealTree buildDeps
15 silly fetch manifest multer@^1.4.5-lts.2
16 silly packumentCache full:https://registry.npmmirror.com/multer cache-miss
17 http cache https://registry.npmmirror.com/multer 24ms (cache hit)
18 silly packumentCache full:https://registry.npmmirror.com/multer set size:118675 disposed:false
19 silly placeDep ROOT multer@1.4.5-lts.2 REPLACE for: travelogue-server@1.0.0 want: ^1.4.5-lts.2
20 silly reify moves {}
21 silly audit bulk request {
21 silly audit   accepts: [ '1.3.8' ],
21 silly audit   'append-field': [ '1.0.0' ],
21 silly audit   'array-flatten': [ '1.1.1' ],
21 silly audit   bcryptjs: [ '2.4.3' ],
21 silly audit   'body-parser': [ '1.20.3' ],
21 silly audit   'buffer-equal-constant-time': [ '1.0.1' ],
21 silly audit   'buffer-from': [ '1.1.2' ],
21 silly audit   busboy: [ '1.6.0' ],
21 silly audit   bytes: [ '3.1.2' ],
21 silly audit   'call-bind-apply-helpers': [ '1.0.2' ],
21 silly audit   'call-bound': [ '1.0.4' ],
21 silly audit   'concat-stream': [ '1.6.2' ],
21 silly audit   'content-disposition': [ '0.5.4' ],
21 silly audit   'content-type': [ '1.0.5' ],
21 silly audit   cookie: [ '0.7.1', '0.7.2' ],
21 silly audit   'cookie-parser': [ '1.4.7' ],
21 silly audit   'cookie-signature': [ '1.0.6' ],
21 silly audit   'core-util-is': [ '1.0.3' ],
21 silly audit   cors: [ '2.8.5' ],
21 silly audit   debug: [ '2.6.9' ],
21 silly audit   depd: [ '2.0.0' ],
21 silly audit   destroy: [ '1.2.0' ],
21 silly audit   'dunder-proto': [ '1.0.1' ],
21 silly audit   'ecdsa-sig-formatter': [ '1.0.11' ],
21 silly audit   'ee-first': [ '1.1.1' ],
21 silly audit   encodeurl: [ '2.0.0', '1.0.2' ],
21 silly audit   'es-define-property': [ '1.0.1' ],
21 silly audit   'es-errors': [ '1.3.0' ],
21 silly audit   'es-object-atoms': [ '1.1.1' ],
21 silly audit   'escape-html': [ '1.0.3' ],
21 silly audit   etag: [ '1.8.1' ],
21 silly audit   express: [ '4.21.2' ],
21 silly audit   finalhandler: [ '1.3.1' ],
21 silly audit   forwarded: [ '0.2.0' ],
21 silly audit   fresh: [ '0.5.2' ],
21 silly audit   'function-bind': [ '1.1.2' ],
21 silly audit   'get-intrinsic': [ '1.3.0' ],
21 silly audit   'get-proto': [ '1.0.1' ],
21 silly audit   gopd: [ '1.2.0' ],
21 silly audit   'has-symbols': [ '1.1.0' ],
21 silly audit   hasown: [ '2.0.2' ],
21 silly audit   'http-errors': [ '2.0.0' ],
21 silly audit   'iconv-lite': [ '0.4.24' ],
21 silly audit   inherits: [ '2.0.4' ],
21 silly audit   'ipaddr.js': [ '1.9.1' ],
21 silly audit   isarray: [ '1.0.0' ],
21 silly audit   jsonwebtoken: [ '9.0.2' ],
21 silly audit   ms: [ '2.1.3', '2.0.0' ],
21 silly audit   jwa: [ '1.4.2' ],
21 silly audit   jws: [ '3.2.2' ],
21 silly audit   'lodash.includes': [ '4.3.0' ],
21 silly audit   'lodash.isboolean': [ '3.0.3' ],
21 silly audit   'lodash.isinteger': [ '4.0.4' ],
21 silly audit   'lodash.isnumber': [ '3.0.3' ],
21 silly audit   'lodash.isplainobject': [ '4.0.6' ],
21 silly audit   'lodash.isstring': [ '4.0.1' ],
21 silly audit   'lodash.once': [ '4.1.1' ],
21 silly audit   'math-intrinsics': [ '1.1.0' ],
21 silly audit   'media-typer': [ '0.3.0' ],
21 silly audit   'merge-descriptors': [ '1.0.3' ],
21 silly audit   methods: [ '1.1.2' ],
21 silly audit   mime: [ '1.6.0' ],
21 silly audit   'mime-db': [ '1.52.0' ],
21 silly audit   'mime-types': [ '2.1.35' ],
21 silly audit   minimist: [ '1.2.8' ],
21 silly audit   mkdirp: [ '0.5.6' ],
21 silly audit   negotiator: [ '0.6.3' ],
21 silly audit   'object-assign': [ '4.1.1' ],
21 silly audit   'object-inspect': [ '1.13.4' ],
21 silly audit   'on-finished': [ '2.4.1' ],
21 silly audit   parseurl: [ '1.3.3' ],
21 silly audit   'path-to-regexp': [ '0.1.12' ],
21 silly audit   'process-nextick-args': [ '2.0.1' ],
21 silly audit   'proxy-addr': [ '2.0.7' ],
21 silly audit   qs: [ '6.13.0' ],
21 silly audit   'range-parser': [ '1.2.1' ],
21 silly audit   'raw-body': [ '2.5.2' ],
21 silly audit   'readable-stream': [ '2.3.8' ],
21 silly audit   'safe-buffer': [ '5.1.2', '5.2.1' ],
21 silly audit   'safer-buffer': [ '2.1.2' ],
21 silly audit   semver: [ '7.7.1' ],
21 silly audit   send: [ '0.19.0' ],
21 silly audit   'serve-static': [ '1.16.2' ],
21 silly audit   setprototypeof: [ '1.2.0' ],
21 silly audit   'side-channel': [ '1.1.0' ],
21 silly audit   'side-channel-list': [ '1.0.0' ],
21 silly audit   'side-channel-map': [ '1.0.1' ],
21 silly audit   'side-channel-weakmap': [ '1.0.2' ],
21 silly audit   statuses: [ '2.0.1' ],
21 silly audit   streamsearch: [ '1.1.0' ],
21 silly audit   string_decoder: [ '1.1.1' ],
21 silly audit   toidentifier: [ '1.0.1' ],
21 silly audit   'type-is': [ '1.6.18' ],
21 silly audit   typedarray: [ '0.0.6' ],
21 silly audit   unpipe: [ '1.0.0' ],
21 silly audit   'util-deprecate': [ '1.0.2' ],
21 silly audit   'utils-merge': [ '1.0.1' ],
21 silly audit   vary: [ '1.1.2' ],
21 silly audit   xtend: [ '4.0.2' ],
21 silly audit   multer: [ '1.4.5-lts.2' ]
21 silly audit }
22 http fetch POST 404 https://registry.npmmirror.com/-/npm/v1/security/advisories/bulk 109ms
23 silly audit bulk request failed [object Object]
24 http fetch POST 404 https://registry.npmmirror.com/-/npm/v1/security/audits/quick 33ms
25 verbose audit error HttpErrorGeneral: 404 Not Found - POST https://registry.npmmirror.com/-/npm/v1/security/audits/quick - [NOT_IMPLEMENTED] /-/npm/v1/security/* not implemented yet
25 verbose audit error     at C:\Users\17870\nodejs\node_modules\npm\node_modules\npm-registry-fetch\lib\check-response.js:103:15
25 verbose audit error     at process.processTicksAndRejections (node:internal/process/task_queues:105:5)
25 verbose audit error     at async [getReport] (C:\Users\17870\nodejs\node_modules\npm\node_modules\@npmcli\arborist\lib\audit-report.js:336:21)
25 verbose audit error     at async AuditReport.run (C:\Users\17870\nodejs\node_modules\npm\node_modules\@npmcli\arborist\lib\audit-report.js:106:19)
25 verbose audit error     at async Arborist.reify (C:\Users\17870\nodejs\node_modules\npm\node_modules\@npmcli\arborist\lib\arborist\reify.js:268:24)
25 verbose audit error     at async Install.exec (C:\Users\17870\nodejs\node_modules\npm\lib\commands\install.js:150:5)
25 verbose audit error     at async Npm.exec (C:\Users\17870\nodejs\node_modules\npm\lib\npm.js:207:9)
25 verbose audit error     at async module.exports (C:\Users\17870\nodejs\node_modules\npm\lib\cli\entry.js:74:5) {
25 verbose audit error   headers: [Object: null prototype] {
25 verbose audit error     server: [ 'Tengine' ],
25 verbose audit error     date: [ 'Mon, 12 May 2025 02:51:37 GMT' ],
25 verbose audit error     'content-type': [ 'application/json' ],
25 verbose audit error     'transfer-encoding': [ 'chunked' ],
25 verbose audit error     connection: [ 'keep-alive' ],
25 verbose audit error     'strict-transport-security': [ 'max-age=5184000' ],
25 verbose audit error     via: [ 'kunlun16.cn5220[,404666]' ],
25 verbose audit error     'timing-allow-origin': [ '*' ],
25 verbose audit error     eagleid: [ '77bcaca417470182972767376e' ],
25 verbose audit error     'x-fetch-attempts': [ '1' ]
25 verbose audit error   },
25 verbose audit error   statusCode: 404,
25 verbose audit error   code: 'E404',
25 verbose audit error   method: 'POST',
25 verbose audit error   uri: 'https://registry.npmmirror.com/-/npm/v1/security/audits/quick',
25 verbose audit error   body: {
25 verbose audit error     error: '[NOT_IMPLEMENTED] /-/npm/v1/security/* not implemented yet'
25 verbose audit error   },
25 verbose audit error   pkgid: undefined
25 verbose audit error }
26 silly audit error [object Object]
27 silly audit report null
28 verbose cwd C:\Users\17870\Desktop\travelLogue\server
29 verbose os Windows_NT 10.0.26100
30 verbose node v22.14.0
31 verbose npm  v10.9.2
32 verbose exit 0
33 info ok
